LEM: log-linear and event history analysis with missing data.
Developed by Jeroen Vermunt (c), Tilburg University, The Netherlands.
Version 1.0 (September 18, 1997).


*** INPUT ***

  * Exercise 3: expl lca
  lat 2
  man 5
  dim 2 2 2 2 2 2 2
  lab X Y E V C R L
  mod XY
  L|X
  E|Y
  V|X
  C|X
  R|Y
  rec 32
  rco
  dat [
  1 1 1 1 1 1134
  2 1 1 1 1 19
  1 2 1 1 1 125
  2 2 1 1 1 4
  1 1 2 1 1 174
  2 1 2 1 1 6
  1 2 2 1 1 52
  2 2 2 1 1 4
  1 1 1 2 1 30
  2 1 1 2 1 1
  1 2 1 2 1 25
  2 2 1 2 1 3
  1 1 2 2 1 11
  2 1 2 2 1 7
  1 2 2 2 1 16
  2 2 2 2 1 6
  1 1 1 1 2 355
  2 1 1 1 2 11
  1 2 1 1 2 89
  2 2 1 1 2 3
  1 1 2 1 2 333
  2 1 2 1 2 10
  1 2 2 1 2 181
  2 2 2 1 2 18
  1 1 1 2 2 24
  2 1 1 2 2 4
  1 2 1 2 2 25
  2 2 1 2 2 6
  1 1 2 2 2 47
  2 1 2 2 2 7
  1 2 2 2 2 72
  2 2 2 2 2 48
  ]


*** STATISTICS ***

  Number of iterations = 259
  Converge criterion   = 0.0000009973
  Seed random values   = 3454

  X-squared            = 127.8695 (0.0000)
  L-squared            = 113.4763 (0.0000)
  Cressie-Read         = 121.0974 (0.0000)
  Dissimilarity index  = 0.0511
  Degrees of freedom   = 18
  Log-likelihood       = -6362.11293
  Number of parameters = 13 (+1)
  Sample size          = 2850.0
  BIC(L-squared)       = -29.7150
  AIC(L-squared)       = 77.4763
  BIC(log-likelihood)  = 12827.6418
  AIC(log-likelihood)  = 12750.2259

  Eigenvalues information matrix
    3238.4957  2007.0256  1711.0783  1261.6658   960.8377   700.9766
     568.6458   477.2626   281.7008   223.1593   138.5417    68.6994
       0.0001

WARNING: 1 (nearly) boundary or non-identified (log-linear) parameters



*** FREQUENCIES ***

  E V C R L     observed  estimated  std. res.
  1 1 1 1 1    1134.000   1124.580      0.281
  1 1 1 1 2     355.000    360.876     -0.309
  1 1 1 2 1      30.000     35.902     -0.985
  1 1 1 2 2      24.000     27.760     -0.714
  1 1 2 1 1     174.000    179.805     -0.433
  1 1 2 1 2     333.000    267.207      4.025
  1 1 2 2 1      11.000     17.825     -1.616
  1 1 2 2 2      47.000     66.189     -2.359
  1 2 1 1 1     125.000    129.667     -0.410
  1 2 1 1 2      89.000     96.012     -0.716
  1 2 1 2 1      25.000      7.278      6.569
  1 2 1 2 2      25.000     19.235      1.314
  1 2 2 1 1      52.000     61.216     -1.178
  1 2 2 1 2     181.000    223.972     -2.871
  1 2 2 2 1      16.000     13.740      0.610
  1 2 2 2 2      72.000     61.735      1.306
  2 1 1 1 1      19.000     20.295     -0.288
  2 1 1 1 2      11.000      9.405      0.520
  2 1 1 2 1       1.000      2.266     -0.841
  2 1 1 2 2       4.000      8.050     -1.428
  2 1 2 1 1       6.000      5.397      0.260
  2 1 2 1 2      10.000     15.090     -1.310
  2 1 2 2 1       7.000      5.812      0.493
  2 1 2 2 2       7.000     26.541     -3.793
  2 2 1 1 1       4.000      2.899      0.647
  2 2 1 1 2       3.000      4.612     -0.751
  2 2 1 2 1       3.000      1.676      1.022
  2 2 1 2 2       6.000      7.486     -0.543
  2 2 2 1 1       4.000      3.203      0.445
  2 2 2 1 2      18.000     13.762      1.142
  2 2 2 2 1       6.000      5.438      0.241
  2 2 2 2 2      48.000     25.067      4.580



*** PSEUDO R-SQUARED MEASURES ***

* P(L|X) *
                         baseline   fitted   R-squared
  entropy                 0.6840    0.4956    0.2755
  qualitative variance    0.2455    0.1580    0.3563
  classification error    0.4326    0.1970    0.5445
  -2/N*log-likelihood     1.3681    0.9912    0.2755/0.2737
  likelihood^(-2/N)       3.9278    2.6946    0.3140/0.4212

* P(E|Y) *
                         baseline   fitted   R-squared
  entropy                 0.2132    0.1559    0.2688
  qualitative variance    0.0521    0.0424    0.1846
  classification error    0.0551    0.0551    0.0000
  -2/N*log-likelihood     0.4265    0.3118    0.2688/0.1029
  likelihood^(-2/N)       1.5318    1.3659    0.1083/0.3120

* P(V|X) *
                         baseline   fitted   R-squared
  entropy                 0.5482    0.4515    0.1765
  qualitative variance    0.1811    0.1455    0.1965
  classification error    0.2375    0.2375    0.0000
  -2/N*log-likelihood     1.0965    0.9029    0.1765/0.1621
  likelihood^(-2/N)       2.9936    2.4668    0.1760/0.2642

* P(C|X) *
                         baseline   fitted   R-squared
  entropy                 0.6462    0.4093    0.3667
  qualitative variance    0.2269    0.1240    0.4536
  classification error    0.3481    0.1502    0.5685
  -2/N*log-likelihood     1.2925    0.8186    0.3667/0.3215
  likelihood^(-2/N)       3.6418    2.2672    0.3775/0.5203

* P(R|Y) *
                         baseline   fitted   R-squared
  entropy                 0.3599    0.1889    0.4750
  qualitative variance    0.1029    0.0504    0.5106
  classification error    0.1165    0.0621    0.4671
  -2/N*log-likelihood     0.7198    0.3779    0.4750/0.2548
  likelihood^(-2/N)       2.0539    1.4592    0.2896/0.5643



*** LOG-LINEAR PARAMETERS ***

* TABLE XY [or P(XY)] *

  effect           beta  std err  z-value   exp(beta)     Wald  df  prob
  X 
   1            -3.4519   0.0508  -67.972      0.0317 
   2             3.4519                       31.5613  4620.16   1 0.000
  Y 
   1             4.2432   0.0759   55.890     69.6310 
   2            -4.2432                        0.0144  3123.64   1 0.000
  XY 
   1 1           3.9468   ******    *****     51.7703 
   1 2          -3.9468                        0.0193 
   2 1          -3.9468                        0.0193 
   2 2           3.9468                       51.7703     0.00   1 1.000

* TABLE XL [or P(L|X)] *

  effect           beta  std err  z-value   exp(beta)     Wald  df  prob
  L 
   1            -0.0480   0.0430   -1.118      0.9531 
   2             0.0480                        1.0492     1.25   1 0.264
  XL 
   1 1           0.7166   0.0378   18.960      2.0475 
   1 2          -0.7166                        0.4884 
   2 1          -0.7166                        0.4884 
   2 2           0.7166                        2.0475   359.48   1 0.000

* TABLE YE [or P(E|Y)] *

  effect           beta  std err  z-value   exp(beta)     Wald  df  prob
  E 
   1             1.2141   0.0659   18.415      3.3671 
   2            -1.2141                        0.2970   339.10   1 0.000
  YE 
   1 1           0.8102   0.0647   12.532      2.2484 
   1 2          -0.8102                        0.4448 
   2 1          -0.8102                        0.4448 
   2 2           0.8102                        2.2484   157.05   1 0.000

* TABLE XV [or P(V|X)] *

  effect           beta  std err  z-value   exp(beta)     Wald  df  prob
  V 
   1             0.5799   0.0347   16.730      1.7858 
   2            -0.5799                        0.5600   279.90   1 0.000
  XV 
   1 1           0.5516   0.0344   16.019      1.7361 
   1 2          -0.5516                        0.5760 
   2 1          -0.5516                        0.5760 
   2 2           0.5516                        1.7361   256.62   1 0.000

* TABLE XC [or P(C|X)] *

  effect           beta  std err  z-value   exp(beta)     Wald  df  prob
  C 
   1             0.2348   0.0512    4.584      1.2647 
   2            -0.2348                        0.7907    21.02   1 0.000
  XC 
   1 1           0.8401   0.0443   18.945      2.3166 
   1 2          -0.8401                        0.4317 
   2 1          -0.8401                        0.4317 
   2 2           0.8401                        2.3166   358.91   1 0.000

* TABLE YR [or P(R|Y)] *

  effect           beta  std err  z-value   exp(beta)     Wald  df  prob
  R 
   1             0.6665   0.0902    7.392      1.9474 
   2            -0.6665                        0.5135    54.65   1 0.000
  YR 
   1 1           1.1113   0.0862   12.895      3.0385 
   1 2          -1.1113                        0.3291 
   2 1          -1.1113                        0.3291 
   2 2           1.1113                        3.0385   166.29   1 0.000



*** (CONDITIONAL) PROBABILITIES ***

* P(XY) *

  1 1            0.6341  (0.0186)
  1 2            0.0000  (0.0000)
  2 1            0.2357  (0.0184)
  2 2            0.1303  (0.0137)

* P(L|X) *

  1 | 1          0.7920  (0.0144)
  2 | 1          0.2080  (0.0144)
  1 | 2          0.1781  (0.0199)
  2 | 2          0.8219  (0.0199)

* P(E|Y) *

  1 | 1          0.9829  (0.0036)
  2 | 1          0.0171  (0.0036)
  1 | 2          0.6916  (0.0316)
  2 | 2          0.3084  (0.0316)

* P(V|X) *

  1 | 1          0.9058  (0.0096)
  2 | 1          0.0942  (0.0096)
  1 | 2          0.5141  (0.0201)
  2 | 2          0.4859  (0.0201)

* P(C|X) *

  1 | 1          0.8957  (0.0128)
  2 | 1          0.1043  (0.0128)
  1 | 2          0.2296  (0.0237)
  2 | 2          0.7704  (0.0237)

* P(R|Y) *

  1 | 1          0.9722  (0.0055)
  2 | 1          0.0278  (0.0055)
  1 | 2          0.2912  (0.0592)
  2 | 2          0.7088  (0.0592)



*** LATENT CLASS OUTPUT ***

          X  1    X  1    X  2    X  2
          Y  1    Y  2    Y  1    Y  2
         0.6341  0.0000  0.2357  0.1303
  E  1   0.9829  0.6916  0.9829  0.6916
  E  2   0.0171  0.3084  0.0171  0.3084
  V  1   0.9058  0.9058  0.5141  0.5141
  V  2   0.0942  0.0942  0.4859  0.4859
  C  1   0.8957  0.8957  0.2296  0.2296
  C  2   0.1043  0.1043  0.7704  0.7704
  R  1   0.9722  0.2912  0.9722  0.2912
  R  2   0.0278  0.7088  0.0278  0.7088
  L  1   0.7920  0.7920  0.1781  0.1781
  L  2   0.2080  0.2080  0.8219  0.8219

E = 0.1229, lambda = 0.6642
