LEM: log-linear and event history analysis with missing data.
Developed by Jeroen Vermunt (c), Tilburg University, The Netherlands.
Version 1.0 (September 18, 1997).


*** INPUT ***

  * Exercise 3: expl lca
  lat 1
  man 5
  dim 3 2 2 2 2 2
  lab X E V C R L
  mod X
  L|X
  E|X
  V|X
  C|X
  R|X
  rec 32
  rco
  dat [
  1 1 1 1 1 1134
  2 1 1 1 1 19
  1 2 1 1 1 125
  2 2 1 1 1 4
  1 1 2 1 1 174
  2 1 2 1 1 6
  1 2 2 1 1 52
  2 2 2 1 1 4
  1 1 1 2 1 30
  2 1 1 2 1 1
  1 2 1 2 1 25
  2 2 1 2 1 3
  1 1 2 2 1 11
  2 1 2 2 1 7
  1 2 2 2 1 16
  2 2 2 2 1 6
  1 1 1 1 2 355
  2 1 1 1 2 11
  1 2 1 1 2 89
  2 2 1 1 2 3
  1 1 2 1 2 333
  2 1 2 1 2 10
  1 2 2 1 2 181
  2 2 2 1 2 18
  1 1 1 2 2 24
  2 1 1 2 2 4
  1 2 1 2 2 25
  2 2 1 2 2 6
  1 1 2 2 2 47
  2 1 2 2 2 7
  1 2 2 2 2 72
  2 2 2 2 2 48
  ]


*** STATISTICS ***

  Number of iterations = 311
  Converge criterion   = 0.0000009921
  Seed random values   = 2463

  X-squared            = 42.6302 (0.0001)
  L-squared            = 36.8115 (0.0008)
  Cressie-Read         = 40.2410 (0.0002)
  Dissimilarity index  = 0.0169
  Degrees of freedom   = 14
  Log-likelihood       = -6323.78052
  Number of parameters = 17 (+1)
  Sample size          = 2850.0
  BIC(L-squared)       = -74.5596
  AIC(L-squared)       = 8.8115
  BIC(log-likelihood)  = 12782.7973
  AIC(log-likelihood)  = 12681.5610

  Eigenvalues information matrix
    2311.6203  1877.6502  1830.9525   852.2601   734.5602   615.4193
     516.6805   276.9770   221.9700   198.3897   132.8768   117.2616
     111.2285    98.6233    49.2232    35.8623    15.7237




*** FREQUENCIES ***

  E V C R L     observed  estimated  std. res.
  1 1 1 1 1    1134.000   1128.434      0.166
  1 1 1 1 2     355.000    356.513     -0.080
  1 1 1 2 1      30.000     34.616     -0.785
  1 1 1 2 2      24.000     22.653      0.283
  1 1 2 1 1     174.000    174.151     -0.011
  1 1 2 1 2     333.000    332.669      0.018
  1 1 2 2 1      11.000     14.035     -0.810
  1 1 2 2 2      47.000     45.393      0.238
  1 2 1 1 1     125.000    129.799     -0.421
  1 2 1 1 2      89.000     90.704     -0.179
  1 2 1 2 1      25.000     10.307      4.577
  1 2 1 2 2      25.000     25.825     -0.162
  1 2 2 1 1      52.000     51.061      0.131
  1 2 2 1 2     181.000    179.811      0.089
  1 2 2 2 1      16.000     21.731     -1.229
  1 2 2 2 2      72.000     75.298     -0.380
  2 1 1 1 1      19.000     20.824     -0.400
  2 1 1 1 2      11.000      8.436      0.883
  2 1 1 2 1       1.000      1.570     -0.455
  2 1 1 2 2       4.000      3.577      0.224
  2 1 2 1 1       6.000      4.631      0.636
  2 1 2 1 2      10.000     11.768     -0.515
  2 1 2 2 1       7.000      3.169      2.152
  2 1 2 2 2       7.000     10.561     -1.096
  2 2 1 1 1       4.000      3.510      0.262
  2 2 1 1 2       3.000      5.685     -1.126
  2 2 1 2 1       3.000      3.634     -0.333
  2 2 1 2 2       6.000     11.913     -1.713
  2 2 2 1 1       4.000      4.493     -0.233
  2 2 2 1 2      18.000     15.511      0.632
  2 2 2 2 1       6.000     11.035     -1.516
  2 2 2 2 2      48.000     36.683      1.869



*** PSEUDO R-SQUARED MEASURES ***

* P(L|X) *
                         baseline   fitted   R-squared
  entropy                 0.6840    0.4763    0.3037
  qualitative variance    0.2455    0.1498    0.3899
  classification error    0.4326    0.1838    0.5752
  -2/N*log-likelihood     1.3681    0.9526    0.3037/0.2935
  likelihood^(-2/N)       3.9278    2.5924    0.3400/0.4561

* P(E|X) *
                         baseline   fitted   R-squared
  entropy                 0.2132    0.1548    0.2739
  qualitative variance    0.0521    0.0410    0.2117
  classification error    0.0551    0.0551    0.0000
  -2/N*log-likelihood     0.4265    0.3097    0.2739/0.1046
  likelihood^(-2/N)       1.5318    1.3630    0.1102/0.3175

* P(V|X) *
                         baseline   fitted   R-squared
  entropy                 0.5482    0.4334    0.2095
  qualitative variance    0.1811    0.1362    0.2482
  classification error    0.2375    0.1818    0.2347
  -2/N*log-likelihood     1.0965    0.8668    0.2095/0.1868
  likelihood^(-2/N)       2.9936    2.3793    0.2052/0.3081

* P(C|X) *
                         baseline   fitted   R-squared
  entropy                 0.6462    0.4114    0.3634
  qualitative variance    0.2269    0.1266    0.4420
  classification error    0.3481    0.1598    0.5409
  -2/N*log-likelihood     1.2925    0.8227    0.3635/0.3196
  likelihood^(-2/N)       3.6418    2.2767    0.3748/0.5167

* P(R|X) *
                         baseline   fitted   R-squared
  entropy                 0.3599    0.2164    0.3987
  qualitative variance    0.1029    0.0570    0.4458
  classification error    0.1165    0.0650    0.4417
  -2/N*log-likelihood     0.7198    0.4328    0.3987/0.2230
  likelihood^(-2/N)       2.0539    1.5416    0.2495/0.4861



*** LOG-LINEAR PARAMETERS ***

* TABLE X [or P(X)] *

  effect           beta  std err  z-value   exp(beta)     Wald  df  prob
  X 
   1            -0.9895   0.1377   -7.186      0.3718 
   2             0.8304   0.0814   10.201      2.2943 
   3             0.1591                        1.1724   120.92   2 0.000

* TABLE XL [or P(L|X)] *

  effect           beta  std err  z-value   exp(beta)     Wald  df  prob
  L 
   1            -0.2014   0.0640   -3.147      0.8176 
   2             0.2014                        1.2231     9.91   1 0.002
  XL 
   1 1          -0.3979   0.1026   -3.879      0.6717 
   1 2           0.3979                        1.4887 
   2 1           0.9625   0.0661   14.568      2.6184 
   2 2          -0.9625                        0.3819 
   3 1          -0.5647                        0.5686 
   3 2           0.5647                        1.7589   214.15   2 0.000

* TABLE XE [or P(E|X)] *

  effect           beta  std err  z-value   exp(beta)     Wald  df  prob
  E 
   1             1.3536   0.0928   14.587      3.8714 
   2            -1.3536                        0.2583   212.78   1 0.000
  XE 
   1 1          -1.0990   0.0989  -11.113      0.3332 
   1 2           1.0990                        3.0013 
   2 1           0.6552   0.1321    4.960      1.9255 
   2 2          -0.6552                        0.5193 
   3 1           0.4439                        1.5587 
   3 2          -0.4439                        0.6416   164.44   2 0.000

* TABLE XV [or P(V|X)] *

  effect           beta  std err  z-value   exp(beta)     Wald  df  prob
  V 
   1             0.2663   0.0595    4.474      1.3052 
   2            -0.2663                        0.7662    20.02   1 0.000
  XV 
   1 1          -0.9224   0.1054   -8.749      0.3976 
   1 2           0.9224                        2.5153 
   2 1           0.8637   0.0685   12.603      2.3720 
   2 2          -0.8637                        0.4216 
   3 1           0.0587                        1.0604 
   3 2          -0.0587                        0.9430   164.11   2 0.000

* TABLE XC [or P(C|X)] *

  effect           beta  std err  z-value   exp(beta)     Wald  df  prob
  C 
   1             0.0377   0.0683    0.552      1.0384 
   2            -0.0377                        0.9630     0.31   1 0.581
  XC 
   1 1          -0.6015   0.1055   -5.703      0.5480 
   1 2           0.6015                        1.8248 
   2 1           1.1295   0.0880   12.832      3.0940 
   2 2          -1.1295                        0.3232 
   3 1          -0.5280                        0.5898 
   3 2           0.5280                        1.6955   165.49   2 0.000

* TABLE XR [or P(R|X)] *

  effect           beta  std err  z-value   exp(beta)     Wald  df  prob
  R 
   1             0.7943   0.0996    7.975      2.2129 
   2            -0.7943                        0.4519    63.61   1 0.000
  XR 
   1 1          -1.3862   0.1406   -9.860      0.2500 
   1 2           1.3862                        3.9997 
   2 1           0.9963   0.1215    8.199      2.7081 
   2 2          -0.9963                        0.3693 
   3 1           0.3900                        1.4769 
   3 2          -0.3900                        0.6771   108.34   2 0.000



*** (CONDITIONAL) PROBABILITIES ***

* P(X) *

  1              0.0969  (0.0170)
  2              0.5977  (0.0331)
  3              0.3054  (0.0381)

* P(L|X) *

  1 | 1          0.2317  (0.0353)
  2 | 1          0.7683  (0.0353)
  1 | 2          0.8209  (0.0241)
  2 | 2          0.1791  (0.0241)
  1 | 3          0.1777  (0.0445)
  2 | 3          0.8223  (0.0445)

* P(E|X) *

  1 | 1          0.6246  (0.0505)
  2 | 1          0.3754  (0.0505)
  1 | 2          0.9823  (0.0039)
  2 | 2          0.0177  (0.0039)
  1 | 3          0.9733  (0.0127)
  2 | 3          0.0267  (0.0127)

* P(V|X) *

  1 | 1          0.2121  (0.0509)
  2 | 1          0.7879  (0.0509)
  1 | 2          0.9055  (0.0102)
  2 | 2          0.0945  (0.0102)
  1 | 3          0.6570  (0.0283)
  2 | 3          0.3430  (0.0283)

* P(C|X) *

  1 | 1          0.2446  (0.0377)
  2 | 1          0.7554  (0.0377)
  1 | 2          0.9117  (0.0206)
  2 | 2          0.0883  (0.0206)
  1 | 3          0.2728  (0.0496)
  2 | 3          0.7272  (0.0496)

* P(R|X) *

  1 | 1          0.2344  (0.0739)
  2 | 1          0.7656  (0.0739)
  1 | 2          0.9729  (0.0055)
  2 | 2          0.0271  (0.0055)
  1 | 3          0.9144  (0.0256)
  2 | 3          0.0856  (0.0256)



*** LATENT CLASS OUTPUT ***

          X  1    X  2    X  3
         0.0969  0.5977  0.3054
  E  1   0.6246  0.9823  0.9733
  E  2   0.3754  0.0177  0.0267
  V  1   0.2121  0.9055  0.6570
  V  2   0.7879  0.0945  0.3430
  C  1   0.2446  0.9117  0.2728
  C  2   0.7554  0.0883  0.7272
  R  1   0.2344  0.9729  0.9144
  R  2   0.7656  0.0271  0.0856
  L  1   0.2317  0.8209  0.1777
  L  2   0.7683  0.1791  0.8223

E = 0.1448, lambda = 0.6400
