LEM: log-linear and event history analysis with missing data.
Developed by Jeroen Vermunt (c), Tilburg University, The Netherlands.
Version 1.0 (September 18, 1997).


*** INPUT ***

  * Exercise 2: logit 3way interactions
  man 4
  dim 3 4 2 4
  lab I S G U
  mod U|ISG {UISG}
  rec 96
  rco
  dat [
  1 1 1 1 34
  2 1 1 1 8
  3 1 1 1 7
  1 2 1 1 40
  2 2 1 1 4
  3 2 1 1 3
  1 3 1 1 36
  2 3 1 1 3
  3 3 1 1 4
  1 4 1 1 44
  2 4 1 1 3
  3 4 1 1 3
  1 1 2 1 37
  2 1 2 1 11
  3 1 2 1 6
  1 2 2 1 19
  2 2 2 1 6
  3 2 2 1 3
  1 3 2 1 29
  2 3 2 1 3
  3 3 2 1 4
  1 4 2 1 33
  2 4 2 1 0
  3 4 2 1 3
  1 1 1 2 133
  2 1 1 2 26
  3 1 1 2 27
  1 2 1 2 151
  2 2 1 2 7
  3 2 1 2 9
  1 3 1 2 205
  2 3 1 2 6
  3 3 1 2 8
  1 4 1 2 197
  2 4 1 2 5
  3 4 1 2 2
  1 1 2 2 112
  2 1 2 2 34
  3 1 2 2 23
  1 2 2 2 125
  2 2 2 2 14
  3 2 2 2 10
  1 3 2 2 175
  2 3 2 2 9
  3 3 2 2 10
  1 4 2 2 160
  2 4 2 2 5
  3 4 2 2 6
  1 1 1 3 71
  2 1 1 3 8
  3 1 1 3 6
  1 2 1 3 73
  2 2 1 3 3
  3 2 1 3 7
  1 3 1 3 123
  2 3 1 3 8
  3 3 1 3 5
  1 4 1 3 89
  2 4 1 3 3
  3 4 1 3 6
  1 1 2 3 81
  2 1 2 3 24
  3 1 2 3 13
  1 2 2 3 79
  2 2 2 3 3
  3 2 2 3 4
  1 3 2 3 129
  2 3 2 3 6
  3 3 2 3 3
  1 4 2 3 96
  2 4 2 3 2
  3 4 2 3 1
  1 1 1 4 9
  2 1 1 4 2
  3 1 1 4 2
  1 2 1 4 22
  2 2 1 4 1
  3 2 1 4 0
  1 3 1 4 19
  2 3 1 4 1
  3 3 1 4 1
  1 4 1 4 25
  2 4 1 4 1
  3 4 1 4 0
  1 1 2 4 8
  2 1 2 4 2
  3 1 2 4 3
  1 2 2 4 11
  2 2 2 4 3
  3 2 2 4 1
  1 3 2 4 15
  2 3 2 4 1
  3 3 2 4 0
  1 4 2 4 24
  2 4 2 4 0
  3 4 2 4 0
  ]


*** STATISTICS ***

  Number of iterations = 2
  Converge criterion   = 0.0000000000

  X-squared            = -0.0000 (0.0000)
  L-squared            = -0.0000 (0.0000)
  Cressie-Read         = -0.0000 (0.0000)
  Dissimilarity index  = 0.0000
  Degrees of freedom   = 0
  Log-likelihood       = -10174.85984
  Number of parameters = 72 (+24)
  Sample size          = 2796.0
  BIC(L-squared)       = -0.0000
  AIC(L-squared)       = -0.0000
  BIC(log-likelihood)  = 20921.1077
  AIC(log-likelihood)  = 20493.7197

  Eigenvalues information matrix
    2292.9114  2093.7097  1986.7833  1913.7206  1821.3956  1798.9361
    1406.4929  1020.1765   881.0491   763.4114   680.3691   625.8663
     530.9522   514.9647   430.7391   410.5594   389.8120   282.8417
     260.8086   239.0929   232.0275   208.3927   196.0192   195.0649
     182.3268   180.6344   171.3716   139.6399   126.6124   125.6081
     123.7316   114.6207   112.0585   101.2188    97.7950    93.1291
      78.3399    64.8603    59.4316    58.3263    57.6088    55.8714
      47.5167    43.0119    41.4876    38.8989    37.1176    37.1002
      35.5266    34.0792    32.3919    31.8054    31.4800    29.5487
      27.1786    25.0635    24.2014    21.3624    20.4469    18.8679
      18.4156    15.5111    15.1713    13.1814    11.3057    10.7680
       0.0005     0.0001    -0.0000    -0.0000    -0.0000    -0.0007

WARNING: 6 (nearly) boundary or non-identified (log-linear) parameters
WARNING: 6 zero estimated frequencies



*** FREQUENCIES ***

  I S G U     observed  estimated  std. res.
  1 1 1 1      34.000     34.000      0.000
  1 1 1 2     133.000    133.000      0.000
  1 1 1 3      71.000     71.000      0.000
  1 1 1 4       9.000      9.000      0.000
  1 1 2 1      37.000     37.000      0.000
  1 1 2 2     112.000    112.000      0.000
  1 1 2 3      81.000     81.000      0.000
  1 1 2 4       8.000      8.000      0.000
  1 2 1 1      40.000     40.000      0.000
  1 2 1 2     151.000    151.000     -0.000
  1 2 1 3      73.000     73.000      0.000
  1 2 1 4      22.000     22.000      0.000
  1 2 2 1      19.000     19.000      0.000
  1 2 2 2     125.000    125.000     -0.000
  1 2 2 3      79.000     79.000      0.000
  1 2 2 4      11.000     11.000     -0.000
  1 3 1 1      36.000     36.000      0.000
  1 3 1 2     205.000    205.000      0.000
  1 3 1 3     123.000    123.000      0.000
  1 3 1 4      19.000     19.000      0.000
  1 3 2 1      29.000     29.000      0.000
  1 3 2 2     175.000    175.000      0.000
  1 3 2 3     129.000    129.000      0.000
  1 3 2 4      15.000     15.000     -0.000
  1 4 1 1      44.000     44.000      0.000
  1 4 1 2     197.000    197.000      0.000
  1 4 1 3      89.000     89.000      0.000
  1 4 1 4      25.000     25.000      0.000
  1 4 2 1      33.000     33.000      0.000
  1 4 2 2     160.000    160.000      0.000
  1 4 2 3      96.000     96.000      0.000
  1 4 2 4      24.000     24.000      0.000
  2 1 1 1       8.000      8.000      0.000
  2 1 1 2      26.000     26.000      0.000
  2 1 1 3       8.000      8.000      0.000
  2 1 1 4       2.000      2.000      0.000
  2 1 2 1      11.000     11.000     -0.000
  2 1 2 2      34.000     34.000      0.000
  2 1 2 3      24.000     24.000      0.000
  2 1 2 4       2.000      2.000      0.000
  2 2 1 1       4.000      4.000      0.000
  2 2 1 2       7.000      7.000      0.000
  2 2 1 3       3.000      3.000      0.000
  2 2 1 4       1.000      1.000      0.000
  2 2 2 1       6.000      6.000      0.000
  2 2 2 2      14.000     14.000     -0.000
  2 2 2 3       3.000      3.000      0.000
  2 2 2 4       3.000      3.000      0.000
  2 3 1 1       3.000      3.000      0.000
  2 3 1 2       6.000      6.000      0.000
  2 3 1 3       8.000      8.000      0.000
  2 3 1 4       1.000      1.000      0.000
  2 3 2 1       3.000      3.000      0.000
  2 3 2 2       9.000      9.000      0.000
  2 3 2 3       6.000      6.000      0.000
  2 3 2 4       1.000      1.000      0.000
  2 4 1 1       3.000      3.000      0.000
  2 4 1 2       5.000      5.000      0.000
  2 4 1 3       3.000      3.000      0.000
  2 4 1 4       1.000      1.000      0.000
  2 4 2 1       0.000      0.000 *    0.000
  2 4 2 2       5.000      5.000      0.000
  2 4 2 3       2.000      2.000      0.000
  2 4 2 4       0.000      0.000 *    0.000
  3 1 1 1       7.000      7.000      0.000
  3 1 1 2      27.000     27.000      0.000
  3 1 1 3       6.000      6.000      0.000
  3 1 1 4       2.000      2.000      0.000
  3 1 2 1       6.000      6.000      0.000
  3 1 2 2      23.000     23.000     -0.000
  3 1 2 3      13.000     13.000     -0.000
  3 1 2 4       3.000      3.000      0.000
  3 2 1 1       3.000      3.000      0.000
  3 2 1 2       9.000      9.000      0.000
  3 2 1 3       7.000      7.000      0.000
  3 2 1 4       0.000      0.000 *    0.000
  3 2 2 1       3.000      3.000      0.000
  3 2 2 2      10.000     10.000      0.000
  3 2 2 3       4.000      4.000      0.000
  3 2 2 4       1.000      1.000      0.000
  3 3 1 1       4.000      4.000      0.000
  3 3 1 2       8.000      8.000      0.000
  3 3 1 3       5.000      5.000      0.000
  3 3 1 4       1.000      1.000      0.000
  3 3 2 1       4.000      4.000      0.000
  3 3 2 2      10.000     10.000      0.000
  3 3 2 3       3.000      3.000      0.000
  3 3 2 4       0.000      0.000 *    0.000
  3 4 1 1       3.000      3.000      0.000
  3 4 1 2       2.000      2.000      0.000
  3 4 1 3       6.000      6.000      0.000
  3 4 1 4       0.000      0.000 *    0.000
  3 4 2 1       3.000      3.000     -0.000
  3 4 2 2       6.000      6.000     -0.000
  3 4 2 3       1.000      1.000      0.000
  3 4 2 4       0.000      0.000 *    0.000



*** PSEUDO R-SQUARED MEASURES ***

* P(U|ISG) *
                         baseline   fitted   R-squared
  entropy                 1.1159    1.0990    0.0151
  qualitative variance    0.3094    0.3060    0.0109
  classification error    0.4782    0.4760    0.0045
  -2/N*log-likelihood     2.2319    2.1981    0.0151/0.0327
  likelihood^(-2/N)       9.3171    9.0076    0.0332/0.0372



*** LOG-LINEAR PARAMETERS ***

* TABLE ISGU [or P(U|ISG)] * (WARNING: 6 fitted zero margins)

  effect           beta  std err  z-value   exp(beta)     Wald  df  prob
  U 
   1            -0.1990   0.4746   -0.419      0.8196 
   2             0.9042   0.5452    1.659      2.4700 
   3             0.2656   0.5498    0.483      1.3042 
   4            -1.2367                        0.2903    60.12   3 0.000
  IU 
   1 1          -0.3103   0.4756   -0.652      0.7333 
   1 2           0.1238   0.5455    0.227      1.1318 
   1 3           0.2302   0.5505    0.418      1.2588 
   1 4          -0.0459                        0.9551 
   2 1           0.1634   0.5777    0.283      1.1775 
   2 2          -0.0462   0.3650   -0.126      0.9549 
   2 3          -0.0900   0.3498   -0.257      0.9140 
   2 4          -0.0083                        0.9917 
   3 1           0.1861                        1.2046 
   3 2          -0.0554                        0.9461 
   3 3          -0.1179                        0.8888 
   3 4          -0.0205                        0.9797    13.11   6 0.041
  SU 
   1 1           0.0155   0.4838    0.032      1.0156 
   1 2           0.1634   0.5500    0.297      1.1775 
   1 3           0.0431   0.5499    0.078      1.0441 
   1 4          -0.2250                        0.7985 
   2 1          -0.0411   0.6108   -0.067      0.9597 
   2 2           0.0150   0.6548    0.023      1.0151 
   2 3          -0.1366   0.6579   -0.208      0.8724 
   2 4           0.1875                        1.2063 
   3 1          -0.0902   0.3324   -0.271      0.9137 
   3 2          -0.0314   0.3593   -0.087      0.9691 
   3 3           0.1726   0.3722    0.464      1.1884 
   3 4          -0.0689                        0.9334 
   4 1           0.1390                        1.1492 
   4 2          -0.1469                        0.8634 
   4 3          -0.0792                        0.9239 
   4 4           0.2524                        1.2871     3.01   9 0.964
  GU 
   1 1           0.0306   0.2970    0.103      1.0311 
   1 2          -0.0937   0.3450   -0.272      0.9106 
   1 3           0.0420   0.3450    0.122      1.0429 
   1 4           0.0108                        1.0108 
   2 1          -0.0334                        0.9672 
   2 2           0.0937                        1.0982 
   2 3          -0.0420                        0.9589 
   2 4          -0.0120                        0.9881     1.73   3 0.630
  ISU 
   1 1 1         0.2855   0.4872    0.586      1.3304 
   1 1 2        -0.1653   0.5512   -0.300      0.8477 
   1 1 3         0.0114   0.5506    0.021      1.0115 
   1 1 4        -0.1317                        0.8766 
   1 2 1        -0.0214   0.6140   -0.035      0.9789 
   1 2 2        -0.0100   0.6556   -0.015      0.9900 
   1 2 3         0.0810   0.6585    0.123      1.0844 
   1 2 4        -0.0496                        0.9516 
   1 3 1        -0.0911   0.3351   -0.272      0.9129 
   1 3 2         0.0799   0.3613    0.221      1.0831 
   1 3 3         0.0002   0.3773    0.001      1.0002 
   1 3 4         0.0110                        1.0111 
   1 4 1        -0.1504                        0.8604 
   1 4 2         0.1357                        1.1454 
   1 4 3        -0.0524                        0.9490 
   1 4 4         0.0670                        1.0693 
   2 1 1        -0.0411   0.5833   -0.070      0.9598 
   2 1 2         0.0696   0.3750    0.186      1.0721 
   2 1 3         0.1088   0.4035    0.270      1.1150 
   2 1 4        -0.1374                        0.8716 
   2 2 1         0.2287   0.6847    0.334      1.2570 
   2 2 2        -0.0189   0.5410   -0.035      0.9812 
   2 2 3        -0.3788   0.5721   -0.662      0.6847 
   2 2 4         0.1690                        1.1842 
   2 3 1        -0.0981   0.4432   -0.221      0.9066 
   2 3 2        -0.1561   0.2630   -0.593      0.8555 
   2 3 3         0.2635   ******    *****      1.3014 
   2 3 4        -0.0093                        0.9907 
   2 4 1        -0.0101                        0.9899 
   2 4 2         0.0501                        1.0514 
   2 4 3        -0.0487                        0.9525 
   2 4 4         0.0072                        1.0072 
   3 1 1        -0.2418                        0.7852 
   3 1 2         0.0941                        1.0987 
   3 1 3        -0.1218                        0.8854 
   3 1 4         0.2694                        1.3091 
   3 2 1        -0.2151                        0.8065 
   3 2 2         0.0171                        1.0172 
   3 2 3         0.2859                        1.3310 
   3 2 4        -0.1758                        0.8388 
   3 3 1         0.1962                        1.2168 
   3 3 2         0.0790                        1.0823 
   3 3 3        -0.2608                        0.7704 
   3 3 4        -0.0289                        0.9715 
   3 4 1         0.1932                        1.2131 
   3 4 2        -0.2401                        0.7866 
   3 4 3         0.0468                        1.0479 
   3 4 4         ******                    0.00E+0000   12.79  18 0.804
  IGU 
   1 1 1         0.0287   0.2980    0.096      1.0292 
   1 1 2         0.0998   0.3455    0.289      1.1050 
   1 1 3        -0.1685   0.3444   -0.489      0.8450 
   1 1 4         0.0399                        1.0407 
   1 2 1        -0.0287                        0.9717 
   1 2 2        -0.0998                        0.9050 
   1 2 3         0.1685                        1.1835 
   1 2 4        -0.0399                        0.9609 
   2 1 1         0.0090   0.4045    0.022      1.0090 
   2 1 2         0.0147   0.2044    0.072      1.0148 
   2 1 3        -0.0008   0.1619   -0.005      0.9992 
   2 1 4        -0.0224                        0.9778 
   2 2 1        -0.0119                        0.9881 
   2 2 2        -0.0147                        0.9855 
   2 2 3         0.0008                        1.0008 
   2 2 4         0.0299                        1.0303 
   3 1 1        -0.0571                        0.9445 
   3 1 2        -0.1090                        0.8967 
   3 1 3         0.1748                        1.1910 
   3 1 4        -0.0541                        0.9473 
   3 2 1         0.0571                        1.0588 
   3 2 2         0.1090                        1.1152 
   3 2 3        -0.1748                        0.8396 
   3 2 4         0.0541                        1.0556     6.53   6 0.366
  SGU 
   1 1 1         0.0341   0.3111    0.110      1.0347 
   1 1 2         0.2036   0.3546    0.574      1.2258 
   1 1 3        -0.2766   0.3673   -0.753      0.7583 
   1 1 4         0.0540                        1.0554 
   1 2 1        -0.0331                        0.9675 
   1 2 2        -0.2036                        0.8158 
   1 2 3         0.2766                        1.3187 
   1 2 4        -0.0565                        0.9451 
   2 1 1         0.0194   0.3609    0.054      1.0196 
   2 1 2        -0.0212   0.4100   -0.052      0.9790 
   2 1 3         0.0248   0.4647    0.053      1.0251 
   2 1 4        -0.0830                        0.9204 
   2 2 1        -0.0185                        0.9817 
   2 2 2         0.0212                        1.0215 
   2 2 3        -0.0248                        0.9755 
   2 2 4         0.0348                        1.0354 
   3 1 1        -0.0260   0.2288   -0.114      0.9743 
   3 1 2        -0.0230   0.1802   -0.128      0.9772 
   3 1 3         0.0448   0.0653    0.686      1.0458 
   3 1 4         0.0241                        1.0244 
   3 2 1         0.0270                        1.0274 
   3 2 2         0.0230                        1.0233 
   3 2 3        -0.0448                        0.9562 
   3 2 4        -0.0128                        0.9873 
   4 1 1        -0.0275                        0.9729 
   4 1 2        -0.1593                        0.8527 
   4 1 3         0.2070                        1.2300 
   4 1 4        -0.0341                        0.9665 
   4 2 1         0.0368                        1.0375 
   4 2 2         0.1593                        1.1727 
   4 2 3        -0.2070                        0.8130 
   4 2 4         0.0906                        1.0948    12.24   9 0.200
  ISGU 
   1 1 1 1      -0.1483   0.3171   -0.468      0.8621 
   1 1 1 2      -0.1351   0.3603   -0.375      0.8736 
   1 1 1 3       0.3260   0.3800    0.858      1.3854 
   1 1 1 4      -0.0576                        0.9440 
   1 1 2 1       0.1473                        1.1588 
   1 1 2 2       0.1351                        1.1446 
   1 1 2 3      -0.3260                        0.7218 
   1 1 2 4       0.0601                        1.0619 
   1 2 1 1       0.0965   0.3639    0.265      1.1013 
   1 2 1 2      -0.0860   0.4135   -0.208      0.9176 
   1 2 1 3      -0.1333   0.4735   -0.282      0.8752 
   1 2 1 4       0.1827                        1.2005 
   1 2 2 1      -0.0975                        0.9071 
   1 2 2 2       0.0860                        1.0898 
   1 2 2 3       0.1333                        1.1426 
   1 2 2 4      -0.1346                        0.8741 
   1 3 1 1       0.0009   0.2314    0.004      1.0009 
   1 3 1 2       0.0235   0.1792    0.131      1.0238 
   1 3 1 3      -0.0146   ******    *****      0.9855 
   1 3 1 4      -0.0296                        0.9708 
   1 3 2 1      -0.0019                        0.9981 
   1 3 2 2      -0.0235                        0.9767 
   1 3 2 3       0.0146                        1.0147 
   1 3 2 4       0.0184                        1.0185 
   1 4 1 1       0.0509                        1.0523 
   1 4 1 2       0.1975                        1.2184 
   1 4 1 3      -0.1781                        0.8369 
   1 4 1 4      -0.0565                        0.9451 
   1 4 2 1      -0.0602                        0.9416 
   1 4 2 2      -0.1975                        0.8208 
   1 4 2 3       0.1781                        1.1949 
   1 4 2 4       0.0000                        1.0000 
   2 1 1 1      -0.0257   0.4445   -0.058      0.9746 
   2 1 1 2      -0.0501   0.2115   -0.237      0.9511 
   2 1 1 3      -0.1052   ******    *****      0.9001 
   2 1 1 4       0.1657                        1.1802 
   2 1 2 1       0.0277                        1.0281 
   2 1 2 2       0.0501                        1.0514 
   2 1 2 3       0.1052                        1.1110 
   2 1 2 4      -0.1706                        0.8431 
   2 2 1 1       0.0094   0.5387    0.018      1.0095 
   2 2 1 2       0.0263   0.2907    0.090      1.0266 
   2 2 1 3       0.2066   ******    *****      1.2295 
   2 2 1 4      -0.1827                        0.8330 
   2 2 2 1      -0.0074                        0.9926 
   2 2 2 2      -0.0263                        0.9741 
   2 2 2 3      -0.2066                        0.8133 
   2 2 2 4       0.2234                        1.2504 
   2 3 1 1      -0.0023   ******    *****      0.9977 
   2 3 1 2      -0.0880   0.2630   -0.335      0.9158 
   2 3 1 3       0.0705   ******    *****      1.0731 
   2 3 1 4      -0.0004                        0.9996 
   2 3 2 1       0.0043                        1.0043 
   2 3 2 2       0.0880                        1.0920 
   2 3 2 3      -0.0705                        0.9319 
   2 3 2 4      -0.0184                        0.9818 
   2 4 1 1       0.0186                        1.0187 
   2 4 1 2       0.1119                        1.1184 
   2 4 1 3      -0.1719                        0.8420 
   2 4 1 4       0.0565                        1.0581 
   2 4 2 1       ******                    0.00E+0000
   2 4 2 2      -0.1119                        0.8942 
   2 4 2 3       0.1719                        1.1876 
   2 4 2 4       ******                    0.00E+0000
   3 1 1 1       0.1740                        1.1901 
   3 1 1 2       0.1852                        1.2035 
   3 1 1 3      -0.2208                        0.8019 
   3 1 1 4      -0.1081                        0.8976 
   3 1 2 1      -0.1750                        0.8394 
   3 1 2 2      -0.1852                        0.8309 
   3 1 2 3       0.2208                        1.2471 
   3 1 2 4       0.1105                        1.1169 
   3 2 1 1      -0.1059                        0.8995 
   3 2 1 2       0.0597                        1.0615 
   3 2 1 3      -0.0733                        0.9293 
   3 2 1 4       ******                    0.00E+0000
   3 2 2 1       0.1049                        1.1106 
   3 2 2 2      -0.0597                        0.9421 
   3 2 2 3       0.0733                        1.0761 
   3 2 2 4      -0.0889                        0.9150 
   3 3 1 1       0.0014                        1.0014 
   3 3 1 2       0.0645                        1.0666 
   3 3 1 3      -0.0559                        0.9456 
   3 3 1 4       0.0300                        1.0305 
   3 3 2 1      -0.0024                        0.9976 
   3 3 2 2      -0.0645                        0.9376 
   3 3 2 3       0.0559                        1.0575 
   3 3 2 4       ******                    0.00E+0000
   3 4 1 1      -0.0695                        0.9329 
   3 4 1 2      -0.3094                        0.7339 
   3 4 1 3       0.3500                        1.4191 
   3 4 1 4       ******                    0.00E+0000
   3 4 2 1       0.0602                        1.0621 
   3 4 2 2       0.3094                        1.3626 
   3 4 2 3      -0.3500                        0.7047 
   3 4 2 4       ******                    0.00E+0000   12.88  18 0.798



*** (CONDITIONAL) PROBABILITIES ***

* P(U|ISG) *

  1 | 1 1 1      0.1377  (0.0219)
  2 | 1 1 1      0.5385  (0.0317)
  3 | 1 1 1      0.2874  (0.0288)
  4 | 1 1 1      0.0364  (0.0119)
  1 | 1 1 2      0.1555  (0.0235)
  2 | 1 1 2      0.4706  (0.0324)
  3 | 1 1 2      0.3403  (0.0307)
  4 | 1 1 2      0.0336  (0.0117)
  1 | 1 2 1      0.1399  (0.0205)
  2 | 1 2 1      0.5280  (0.0295)
  3 | 1 2 1      0.2552  (0.0258)
  4 | 1 2 1      0.0769  (0.0158)
  1 | 1 2 2      0.0812  (0.0179)
  2 | 1 2 2      0.5342  (0.0326)
  3 | 1 2 2      0.3376  (0.0309)
  4 | 1 2 2      0.0470  (0.0138)
  1 | 1 3 1      0.0940  (0.0149)
  2 | 1 3 1      0.5352  (0.0255)
  3 | 1 3 1      0.3211  (0.0239)
  4 | 1 3 1      0.0496  (0.0111)
  1 | 1 3 2      0.0833  (0.0148)
  2 | 1 3 2      0.5029  (0.0268)
  3 | 1 3 2      0.3707  (0.0259)
  4 | 1 3 2      0.0431  (0.0109)
  1 | 1 4 1      0.1239  (0.0175)
  2 | 1 4 1      0.5549  (0.0264)
  3 | 1 4 1      0.2507  (0.0230)
  4 | 1 4 1      0.0704  (0.0136)
  1 | 1 4 2      0.1054  (0.0174)
  2 | 1 4 2      0.5112  (0.0283)
  3 | 1 4 2      0.3067  (0.0261)
  4 | 1 4 2      0.0767  (0.0150)
  1 | 2 1 1      0.1818  (0.0581)
  2 | 2 1 1      0.5909  (0.0741)
  3 | 2 1 1      0.1818  (0.0581)
  4 | 2 1 1      0.0455  (0.0314)
  1 | 2 1 2      0.1549  (0.0429)
  2 | 2 1 2      0.4789  (0.0593)
  3 | 2 1 2      0.3380  (0.0561)
  4 | 2 1 2      0.0282  (0.0196)
  1 | 2 2 1      0.2667  (0.1142)
  2 | 2 2 1      0.4667  (0.1288)
  3 | 2 2 1      0.2000  (0.1033)
  4 | 2 2 1      0.0667  (0.0644)
  1 | 2 2 2      0.2308  (0.0826)
  2 | 2 2 2      0.5385  (0.0978)
  3 | 2 2 2      0.1154  (0.0627)
  4 | 2 2 2      0.1154  (0.0627)
  1 | 2 3 1      0.1667  (0.0878)
  2 | 2 3 1      0.3333  (0.1111)
  3 | 2 3 1      0.4444  (0.1171)
  4 | 2 3 1      0.0556  (0.0540)
  1 | 2 3 2      0.1579  (0.0837)
  2 | 2 3 2      0.4737  (0.1146)
  3 | 2 3 2      0.3158  (0.1067)
  4 | 2 3 2      0.0526  (0.0512)
  1 | 2 4 1      0.2500  (0.1250)
  2 | 2 4 1      0.4167  (0.1423)
  3 | 2 4 1      0.2500  (0.1250)
  4 | 2 4 1      0.0833  (0.0798)
  1 | 2 4 2      0.0000  (0.0000) *
  2 | 2 4 2      0.7143  (0.1707)
  3 | 2 4 2      0.2857  (0.1707)
  4 | 2 4 2      0.0000  (0.0000) *
  1 | 3 1 1      0.1667  (0.0575)
  2 | 3 1 1      0.6429  (0.0739)
  3 | 3 1 1      0.1429  (0.0540)
  4 | 3 1 1      0.0476  (0.0329)
  1 | 3 1 2      0.1333  (0.0507)
  2 | 3 1 2      0.5111  (0.0745)
  3 | 3 1 2      0.2889  (0.0676)
  4 | 3 1 2      0.0667  (0.0372)
  1 | 3 2 1      0.1579  (0.0837)
  2 | 3 2 1      0.4737  (0.1145)
  3 | 3 2 1      0.3684  (0.1107)
  4 | 3 2 1      0.0000  (0.0000) *
  1 | 3 2 2      0.1667  (0.0878)
  2 | 3 2 2      0.5556  (0.1171)
  3 | 3 2 2      0.2222  (0.0980)
  4 | 3 2 2      0.0556  (0.0540)
  1 | 3 3 1      0.2222  (0.0980)
  2 | 3 3 1      0.4444  (0.1171)
  3 | 3 3 1      0.2778  (0.1056)
  4 | 3 3 1      0.0556  (0.0540)
  1 | 3 3 2      0.2353  (0.1029)
  2 | 3 3 2      0.5882  (0.1194)
  3 | 3 3 2      0.1765  (0.0925)
  4 | 3 3 2      0.0000  (0.0000) *
  1 | 3 4 1      0.2727  (0.1343)
  2 | 3 4 1      0.1818  (0.1163)
  3 | 3 4 1      0.5455  (0.1501)
  4 | 3 4 1      0.0000  (0.0000) *
  1 | 3 4 2      0.3000  (0.1449)
  2 | 3 4 2      0.6000  (0.1549)
  3 | 3 4 2      0.1000  (0.0949)
  4 | 3 4 2      0.0000  (0.0000) *


