LEM: log-linear and event history analysis with missing data.
Developed by Jeroen Vermunt (c), Tilburg University, The Netherlands.
Version 1.0 (September 18, 1997).


*** INPUT ***

  * Exercise 2: logit saturated
  man 4
  dim 3 4 2 4
  lab I S G U
  mod U|ISG {GIU, GIS, ISU, USG}
  rec 96
  rco
  dat [
  1 1 1 1 34
  2 1 1 1 8
  3 1 1 1 7
  1 2 1 1 40
  2 2 1 1 4
  3 2 1 1 3
  1 3 1 1 36
  2 3 1 1 3
  3 3 1 1 4
  1 4 1 1 44
  2 4 1 1 3
  3 4 1 1 3
  1 1 2 1 37
  2 1 2 1 11
  3 1 2 1 6
  1 2 2 1 19
  2 2 2 1 6
  3 2 2 1 3
  1 3 2 1 29
  2 3 2 1 3
  3 3 2 1 4
  1 4 2 1 33
  2 4 2 1 0
  3 4 2 1 3
  1 1 1 2 133
  2 1 1 2 26
  3 1 1 2 27
  1 2 1 2 151
  2 2 1 2 7
  3 2 1 2 9
  1 3 1 2 205
  2 3 1 2 6
  3 3 1 2 8
  1 4 1 2 197
  2 4 1 2 5
  3 4 1 2 2
  1 1 2 2 112
  2 1 2 2 34
  3 1 2 2 23
  1 2 2 2 125
  2 2 2 2 14
  3 2 2 2 10
  1 3 2 2 175
  2 3 2 2 9
  3 3 2 2 10
  1 4 2 2 160
  2 4 2 2 5
  3 4 2 2 6
  1 1 1 3 71
  2 1 1 3 8
  3 1 1 3 6
  1 2 1 3 73
  2 2 1 3 3
  3 2 1 3 7
  1 3 1 3 123
  2 3 1 3 8
  3 3 1 3 5
  1 4 1 3 89
  2 4 1 3 3
  3 4 1 3 6
  1 1 2 3 81
  2 1 2 3 24
  3 1 2 3 13
  1 2 2 3 79
  2 2 2 3 3
  3 2 2 3 4
  1 3 2 3 129
  2 3 2 3 6
  3 3 2 3 3
  1 4 2 3 96
  2 4 2 3 2
  3 4 2 3 1
  1 1 1 4 9
  2 1 1 4 2
  3 1 1 4 2
  1 2 1 4 22
  2 2 1 4 1
  3 2 1 4 0
  1 3 1 4 19
  2 3 1 4 1
  3 3 1 4 1
  1 4 1 4 25
  2 4 1 4 1
  3 4 1 4 0
  1 1 2 4 8
  2 1 2 4 2
  3 1 2 4 3
  1 2 2 4 11
  2 2 2 4 3
  3 2 2 4 1
  1 3 2 4 15
  2 3 2 4 1
  3 3 2 4 0
  1 4 2 4 24
  2 4 2 4 0
  3 4 2 4 0
  ]


*** STATISTICS ***

  Number of iterations = 5
  Converge criterion   = 0.0000000385

  X-squared            = 18.8070 (0.4038)
  L-squared            = 21.2158 (0.2687)
  Cressie-Read         = 19.2388 (0.3773)
  Dissimilarity index  = 0.0198
  Degrees of freedom   = 18
  Log-likelihood       = -10185.46775
  Number of parameters = 54 (+24)
  Sample size          = 2796.0
  BIC(L-squared)       = -121.6312
  AIC(L-squared)       = -14.7842
  BIC(log-likelihood)  = 20799.4765
  AIC(log-likelihood)  = 20478.9355

  Eigenvalues information matrix
    2212.7255  1991.2371  1922.7233  1812.1455  1511.6217  1221.5135
    1062.4924   832.1288   789.8658   737.5351   631.9909   519.7720
     414.9014   414.3818   356.7037   302.0061   253.3224   248.2842
     224.9129   192.9384   182.1103   177.5009   173.0313   164.9569
     155.2384   149.5836   127.5966   120.3199   108.1914   100.9014
      96.3276    89.7865    89.0530    83.7411    80.4737    76.0216
      69.9888    60.6061    55.2744    42.0640    40.5167    33.8003
      32.1743    29.5266    27.5361    27.2138    22.8603    22.0162
      20.3673    18.0590    15.3639    14.4325    11.0046     0.0010

WARNING: 1 (nearly) boundary or non-identified (log-linear) parameters
WARNING: 2 zero estimated frequencies



*** FREQUENCIES ***

  I S G U     observed  estimated  std. res.
  1 1 1 1      34.000     35.312     -0.221
  1 1 1 2     133.000    137.227     -0.361
  1 1 1 3      71.000     65.172      0.722
  1 1 1 4       9.000      9.289     -0.095
  1 1 2 1      37.000     35.688      0.220
  1 1 2 2     112.000    107.773      0.407
  1 1 2 3      81.000     86.828     -0.625
  1 1 2 4       8.000      7.711      0.104
  1 2 1 1      40.000     38.544      0.235
  1 2 1 2     151.000    151.496     -0.040
  1 2 1 3      73.000     75.116     -0.244
  1 2 1 4      22.000     20.844      0.253
  1 2 2 1      19.000     20.456     -0.322
  1 2 2 2     125.000    124.504      0.044
  1 2 2 3      79.000     76.884      0.241
  1 2 2 4      11.000     12.156     -0.332
  1 3 1 1      36.000     35.528      0.079
  1 3 1 2     205.000    203.275      0.121
  1 3 1 3     123.000    124.713     -0.153
  1 3 1 4      19.000     19.484     -0.110
  1 3 2 1      29.000     29.472     -0.087
  1 3 2 2     175.000    176.725     -0.130
  1 3 2 3     129.000    127.287      0.152
  1 3 2 4      15.000     14.516      0.127
  1 4 1 1      44.000     44.616     -0.092
  1 4 1 2     197.000    194.002      0.215
  1 4 1 3      89.000     90.999     -0.210
  1 4 1 4      25.000     25.383     -0.076
  1 4 2 1      33.000     32.384      0.108
  1 4 2 2     160.000    162.998     -0.235
  1 4 2 3      96.000     94.001      0.206
  1 4 2 4      24.000     23.617      0.079
  2 1 1 1       8.000      7.748      0.090
  2 1 1 2      26.000     24.183      0.369
  2 1 1 3       8.000     10.415     -0.748
  2 1 1 4       2.000      1.653      0.270
  2 1 2 1      11.000     11.252     -0.075
  2 1 2 2      34.000     35.816     -0.304
  2 1 2 3      24.000     21.585      0.520
  2 1 2 4       2.000      2.347     -0.227
  2 2 1 1       4.000      4.839     -0.382
  2 2 1 2       7.000      6.631      0.143
  2 2 1 3       3.000      1.860      0.836
  2 2 1 4       1.000      1.670     -0.519
  2 2 2 1       6.000      5.161      0.370
  2 2 2 2      14.000     14.369     -0.097
  2 2 2 3       3.000      4.140     -0.560
  2 2 2 4       3.000      2.330      0.439
  2 3 1 1       3.000      3.280     -0.155
  2 3 1 2       6.000      7.007     -0.381
  2 3 1 3       8.000      6.652      0.522
  2 3 1 4       1.000      1.060     -0.058
  2 3 2 1       3.000      2.720      0.170
  2 3 2 2       9.000      7.993      0.356
  2 3 2 3       6.000      7.348     -0.497
  2 3 2 4       1.000      0.940      0.062
  2 4 1 1       3.000      2.132      0.594
  2 4 1 2       5.000      6.179     -0.474
  2 4 1 3       3.000      3.073     -0.041
  2 4 1 4       1.000      0.617      0.488
  2 4 2 1       0.000      0.868     -0.932
  2 4 2 2       5.000      3.821      0.603
  2 4 2 3       2.000      1.927      0.052
  2 4 2 4       0.000      0.383     -0.619
  3 1 1 1       7.000      5.939      0.435
  3 1 1 2      27.000     24.590      0.486
  3 1 1 3       6.000      9.413     -1.112
  3 1 1 4       2.000      2.059     -0.041
  3 1 2 1       6.000      7.061     -0.399
  3 1 2 2      23.000     25.410     -0.478
  3 1 2 3      13.000      9.587      1.102
  3 1 2 4       3.000      2.941      0.034
  3 2 1 1       3.000      3.617     -0.324
  3 2 1 2       9.000      8.873      0.043
  3 2 1 3       7.000      6.024      0.397
  3 2 1 4       0.000      0.486     -0.697
  3 2 2 1       3.000      2.383      0.400
  3 2 2 2      10.000     10.127     -0.040
  3 2 2 3       4.000      4.976     -0.437
  3 2 2 4       1.000      0.514      0.677
  3 3 1 1       4.000      4.192     -0.094
  3 3 1 2       8.000      8.718     -0.243
  3 3 1 3       5.000      4.634      0.170
  3 3 1 4       1.000      0.456      0.806
  3 3 2 1       4.000      3.808      0.099
  3 3 2 2      10.000      9.282      0.236
  3 3 2 3       3.000      3.366     -0.199
  3 3 2 4       0.000      0.544     -0.738
  3 4 1 1       3.000      3.252     -0.140
  3 4 1 2       2.000      3.820     -0.931
  3 4 1 3       6.000      3.929      1.045
  3 4 1 4       0.000      0.000 *    0.000
  3 4 2 1       3.000      2.748      0.152
  3 4 2 2       6.000      4.180      0.890
  3 4 2 3       1.000      3.071     -1.182
  3 4 2 4       0.000      0.000 *    0.000



*** PSEUDO R-SQUARED MEASURES ***

* P(U|ISG) *
                         baseline   fitted   R-squared
  entropy                 1.1159    1.1028    0.0117
  qualitative variance    0.3094    0.3068    0.0084
  classification error    0.4782    0.4781    0.0001
  -2/N*log-likelihood     2.2319    2.2057    0.0117/0.0255
  likelihood^(-2/N)       9.3171    9.0763    0.0259/0.0290



*** LOG-LINEAR PARAMETERS ***

* TABLE ISGU [or P(U|ISG)] * (WARNING: 1 fitted zero margins)

  effect           beta  std err  z-value   exp(beta)     Wald  df  prob
  U 
   1            -0.1199   0.2254   -0.532      0.8870 
   2             1.0270   0.2198    4.672      2.7928 
   3             0.4182   0.2329    1.796      1.5193 
   4            -1.3260                        0.2655   123.04   3 0.000
  IU 
   1 1          -0.3196   0.2275   -1.405      0.7265 
   1 2           0.0658   0.2208    0.298      1.0681 
   1 3           0.1411   0.2346    0.601      1.1515 
   1 4           0.1127                        1.1192 
   2 1           0.0750   0.2550    0.294      1.0779 
   2 2          -0.0697   0.2400   -0.290      0.9327 
   2 3          -0.1338   0.2344   -0.571      0.8748 
   2 4           0.1285                        1.1371 
   3 1           0.2396                        1.2708 
   3 2          -0.0012                        0.9988 
   3 3          -0.0123                        0.9878 
   3 4          -0.2376                        0.7885    14.69   6 0.023
  SU 
   1 1           0.0064   0.2388    0.027      1.0064 
   1 2           0.1028   0.2269    0.453      1.1082 
   1 3           0.0042   0.2415    0.017      1.0042 
   1 4          -0.1095                        0.8963 
   2 1           0.0221   0.2647    0.083      1.0223 
   2 2           0.0181   0.2504    0.072      1.0183 
   2 3          -0.1726   0.2498   -0.691      0.8415 
   2 4           0.1362                        1.1459 
   3 1          -0.0339   0.2467   -0.137      0.9667 
   3 2          -0.0149   0.2415   -0.062      0.9852 
   3 3           0.1607   0.2665    0.603      1.1744 
   3 4          -0.1081                        0.8975 
   4 1           0.0055                        1.0055 
   4 2          -0.1060                        0.8994 
   4 3           0.0077                        1.0077 
   4 4           0.1187                        1.1260     3.42   9 0.945
  GU 
   1 1           0.0842   0.0798    1.054      1.0878 
   1 2          -0.0271   0.0632   -0.429      0.9732 
   1 3          -0.0439   0.0729   -0.603      0.9570 
   1 4          -0.0131                        0.9870 
   2 1          -0.0842                        0.9193 
   2 2           0.0271                        1.0275 
   2 3           0.0439                        1.0449 
   2 4           0.0131                        1.0132     1.56   3 0.667
  ISU 
   1 1 1         0.2958   0.2451    1.207      1.3442 
   1 1 2        -0.1016   0.2297   -0.442      0.9034 
   1 1 3         0.0502   0.2432    0.206      1.0515 
   1 1 4        -0.2482                        0.7802 
   1 2 1        -0.0866   0.2713   -0.319      0.9170 
   1 2 2        -0.0276   0.2528   -0.109      0.9727 
   1 2 3         0.1048   0.2513    0.417      1.1105 
   1 2 4         0.0056                        1.0056 
   1 3 1        -0.1449   0.2505   -0.579      0.8651 
   1 3 2         0.0714   0.2456    0.291      1.0740 
   1 3 3         0.0210   0.2744    0.077      1.0212 
   1 3 4         0.0488                        1.0500 
   1 4 1        -0.0642                        0.9378 
   1 4 2         0.0579                        1.0596 
   1 4 3        -0.1760                        0.8386 
   1 4 4         0.1566                        1.1696 
   2 1 1         0.0220   0.2827    0.078      1.0222 
   2 1 2         0.0713   0.2629    0.271      1.0739 
   2 1 3         0.1685   0.2805    0.601      1.1835 
   2 1 4        -0.2656                        0.7667 
   2 2 1         0.2348   0.2968    0.791      1.2646 
   2 2 2        -0.0941   0.2759   -0.341      0.9102 
   2 2 3        -0.4883   0.3522   -1.386      0.6137 
   2 2 4         0.3438                        1.4103 
   2 3 1        -0.0896   0.3266   -0.274      0.9143 
   2 3 2        -0.1924   0.2561   -0.751      0.8250 
   2 3 3         0.2369   ******    *****      1.2673 
   2 3 4         0.0413                        1.0421 
   2 4 1        -0.1672                        0.8461 
   2 4 2         0.2152                        1.2401 
   2 4 3         0.0829                        1.0864 
   2 4 4        -0.1566                        0.8550 
   3 1 1        -0.3178                        0.7277 
   3 1 2         0.0303                        1.0308 
   3 1 3        -0.2187                        0.8036 
   3 1 4         0.5138                        1.6716 
   3 2 1        -0.1481                        0.8623 
   3 2 2         0.1217                        1.1295 
   3 2 3         0.3834                        1.4673 
   3 2 4        -0.3494                        0.7051 
   3 3 1         0.2345                        1.2643 
   3 3 2         0.1210                        1.1286 
   3 3 3        -0.2579                        0.7727 
   3 3 4        -0.0900                        0.9139 
   3 4 1         0.2314                        1.2604 
   3 4 2        -0.2730                        0.7611 
   3 4 3         0.0931                        1.0976 
   3 4 4         ******                    0.00E+0000   16.50  18 0.558
  IGU 
   1 1 1        -0.0245   0.0866   -0.282      0.9758 
   1 1 2         0.0395   0.0684    0.578      1.0403 
   1 1 3        -0.0831   0.0780   -1.065      0.9203 
   1 1 4         0.0680                        1.0704 
   1 2 1         0.0245                        1.0248 
   1 2 2        -0.0395                        0.9613 
   1 2 3         0.0831                        1.0866 
   1 2 4        -0.0680                        0.9342 
   2 1 1         0.0412   0.1184    0.348      1.0421 
   2 1 2        -0.0307   0.0935   -0.329      0.9697 
   2 1 3        -0.0570   0.1087   -0.525      0.9446 
   2 1 4         0.0465                        1.0476 
   2 2 1        -0.0412                        0.9596 
   2 2 2         0.0307                        1.0312 
   2 2 3         0.0570                        1.0587 
   2 2 4        -0.0465                        0.9545 
   3 1 1        -0.0168                        0.9834 
   3 1 2        -0.0088                        0.9912 
   3 1 3         0.1401                        1.1504 
   3 1 4        -0.1146                        0.8918 
   3 2 1         0.0168                        1.0169 
   3 2 2         0.0088                        1.0088 
   3 2 3        -0.1401                        0.8693 
   3 2 4         0.1146                        1.1214     2.74   6 0.840
  SGU 
   1 1 1        -0.0813   0.0831   -0.978      0.9220 
   1 1 2         0.0921   0.0630    1.463      1.0965 
   1 1 3        -0.0328   0.0694   -0.472      0.9678 
   1 1 4         0.0219                        1.0221 
   1 2 1         0.0813                        1.0846 
   1 2 2        -0.0921                        0.9120 
   1 2 3         0.0328                        1.0333 
   1 2 4        -0.0219                        0.9784 
   2 1 1         0.0888   0.0874    1.017      1.0929 
   2 1 2        -0.0825   0.0597   -1.382      0.9208 
   2 1 3        -0.0529   0.0675   -0.783      0.9485 
   2 1 4         0.0465                        1.0476 
   2 2 1        -0.0888                        0.9150 
   2 2 2         0.0825                        1.0860 
   2 2 3         0.0529                        1.0543 
   2 2 4        -0.0465                        0.9545 
   3 1 1        -0.0413   0.0839   -0.493      0.9595 
   3 1 2        -0.0175   0.0567   -0.309      0.9826 
   3 1 3         0.0417   0.0616    0.677      1.0425 
   3 1 4         0.0172                        1.0173 
   3 2 1         0.0413                        1.0422 
   3 2 2         0.0175                        1.0177 
   3 2 3        -0.0417                        0.9592 
   3 2 4        -0.0172                        0.9830 
   4 1 1         0.0338                        1.0343 
   4 1 2         0.0079                        1.0079 
   4 1 3         0.0440                        1.0449 
   4 1 4        -0.0856                        0.9180 
   4 2 1        -0.0338                        0.9668 
   4 2 2        -0.0079                        0.9921 
   4 2 3        -0.0440                        0.9570 
   4 2 4         0.0856                        1.0894     6.50   9 0.689



*** (CONDITIONAL) PROBABILITIES ***

* P(U|ISG) *

  1 | 1 1 1      0.1430  (0.0213)
  2 | 1 1 1      0.5556  (0.0304)
  3 | 1 1 1      0.2639  (0.0270)
  4 | 1 1 1      0.0376  (0.0116)
  1 | 1 1 2      0.1499  (0.0221)
  2 | 1 1 2      0.4528  (0.0310)
  3 | 1 1 2      0.3648  (0.0302)
  4 | 1 1 2      0.0324  (0.0109)
  1 | 1 2 1      0.1348  (0.0196)
  2 | 1 2 1      0.5297  (0.0289)
  3 | 1 2 1      0.2626  (0.0255)
  4 | 1 2 1      0.0729  (0.0151)
  1 | 1 2 2      0.0874  (0.0175)
  2 | 1 2 2      0.5321  (0.0317)
  3 | 1 2 2      0.3286  (0.0301)
  4 | 1 2 2      0.0519  (0.0141)
  1 | 1 3 1      0.0928  (0.0144)
  2 | 1 3 1      0.5307  (0.0251)
  3 | 1 3 1      0.3256  (0.0236)
  4 | 1 3 1      0.0509  (0.0111)
  1 | 1 3 2      0.0847  (0.0144)
  2 | 1 3 2      0.5078  (0.0263)
  3 | 1 3 2      0.3658  (0.0254)
  4 | 1 3 2      0.0417  (0.0105)
  1 | 1 4 1      0.1257  (0.0173)
  2 | 1 4 1      0.5465  (0.0261)
  3 | 1 4 1      0.2563  (0.0229)
  4 | 1 4 1      0.0715  (0.0136)
  1 | 1 4 2      0.1035  (0.0168)
  2 | 1 4 2      0.5208  (0.0279)
  3 | 1 4 2      0.3003  (0.0256)
  4 | 1 4 2      0.0755  (0.0149)
  1 | 2 1 1      0.1761  (0.0497)
  2 | 2 1 1      0.5496  (0.0650)
  3 | 2 1 1      0.2367  (0.0551)
  4 | 2 1 1      0.0376  (0.0237)
  1 | 2 1 2      0.1585  (0.0395)
  2 | 2 1 2      0.5045  (0.0546)
  3 | 2 1 2      0.3040  (0.0507)
  4 | 2 1 2      0.0331  (0.0187)
  1 | 2 2 1      0.3226  (0.0963)
  2 | 2 2 1      0.4420  (0.0952)
  3 | 2 2 1      0.1240  (0.0559)
  4 | 2 2 1      0.1113  (0.0660)
  1 | 2 2 2      0.1985  (0.0660)
  2 | 2 2 2      0.5527  (0.0840)
  3 | 2 2 2      0.1592  (0.0615)
  4 | 2 2 2      0.0896  (0.0489)
  1 | 2 3 1      0.1822  (0.0732)
  2 | 2 3 1      0.3893  (0.0893)
  3 | 2 3 1      0.3696  (0.0903)
  4 | 2 3 1      0.0589  (0.0445)
  1 | 2 3 2      0.1432  (0.0619)
  2 | 2 3 2      0.4207  (0.0901)
  3 | 2 3 2      0.3867  (0.0905)
  4 | 2 3 2      0.0495  (0.0386)
  1 | 2 4 1      0.1777  (0.0943)
  2 | 2 4 1      0.5149  (0.1189)
  3 | 2 4 1      0.2561  (0.1030)
  4 | 2 4 1      0.0514  (0.0519)
  1 | 2 4 2      0.1240  (0.0765)
  2 | 2 4 2      0.5459  (0.1257)
  3 | 2 4 2      0.2753  (0.1141)
  4 | 2 4 2      0.0547  (0.0580)
  1 | 3 1 1      0.1414  (0.0457)
  2 | 3 1 1      0.5855  (0.0663)
  3 | 3 1 1      0.2241  (0.0555)
  4 | 3 1 1      0.0490  (0.0305)
  1 | 3 1 2      0.1569  (0.0473)
  2 | 3 1 2      0.5647  (0.0652)
  3 | 3 1 2      0.2131  (0.0530)
  4 | 3 1 2      0.0654  (0.0347)
  1 | 3 2 1      0.1904  (0.0749)
  2 | 3 2 1      0.4670  (0.0920)
  3 | 3 2 1      0.3171  (0.0872)
  4 | 3 2 1      0.0256  (0.0277)
  1 | 3 2 2      0.1324  (0.0600)
  2 | 3 2 2      0.5626  (0.0923)
  3 | 3 2 2      0.2764  (0.0830)
  4 | 3 2 2      0.0286  (0.0306)
  1 | 3 3 1      0.2329  (0.0814)
  2 | 3 3 1      0.4843  (0.0942)
  3 | 3 3 1      0.2575  (0.0835)
  4 | 3 3 1      0.0253  (0.0278)
  1 | 3 3 2      0.2240  (0.0808)
  2 | 3 3 2      0.5460  (0.0947)
  3 | 3 3 2      0.1980  (0.0725)
  4 | 3 3 2      0.0320  (0.0339)
  1 | 3 4 1      0.2956  (0.1100)
  2 | 3 4 1      0.3472  (0.1096)
  3 | 3 4 1      0.3571  (0.1144)
  4 | 3 4 1      0.0000  (0.0000) *
  1 | 3 4 2      0.2748  (0.1080)
  2 | 3 4 2      0.4180  (0.1180)
  3 | 3 4 2      0.3071  (0.1090)
  4 | 3 4 2      0.0000  (0.0000) *


