LEM: log-linear and event history analysis with missing data.
Developed by Jeroen Vermunt (c), Tilburg University, The Netherlands.
Version 1.0 (September 18, 1997).


*** INPUT ***

  * Exercise 2: logit 3way interactions
  man 4
  dim 3 4 2 4
  lab I S G U
  mod U|ISG {ISU GU}
  rec 96
  rco
  dat [
  1 1 1 1 34
  2 1 1 1 8
  3 1 1 1 7
  1 2 1 1 40
  2 2 1 1 4
  3 2 1 1 3
  1 3 1 1 36
  2 3 1 1 3
  3 3 1 1 4
  1 4 1 1 44
  2 4 1 1 3
  3 4 1 1 3
  1 1 2 1 37
  2 1 2 1 11
  3 1 2 1 6
  1 2 2 1 19
  2 2 2 1 6
  3 2 2 1 3
  1 3 2 1 29
  2 3 2 1 3
  3 3 2 1 4
  1 4 2 1 33
  2 4 2 1 0
  3 4 2 1 3
  1 1 1 2 133
  2 1 1 2 26
  3 1 1 2 27
  1 2 1 2 151
  2 2 1 2 7
  3 2 1 2 9
  1 3 1 2 205
  2 3 1 2 6
  3 3 1 2 8
  1 4 1 2 197
  2 4 1 2 5
  3 4 1 2 2
  1 1 2 2 112
  2 1 2 2 34
  3 1 2 2 23
  1 2 2 2 125
  2 2 2 2 14
  3 2 2 2 10
  1 3 2 2 175
  2 3 2 2 9
  3 3 2 2 10
  1 4 2 2 160
  2 4 2 2 5
  3 4 2 2 6
  1 1 1 3 71
  2 1 1 3 8
  3 1 1 3 6
  1 2 1 3 73
  2 2 1 3 3
  3 2 1 3 7
  1 3 1 3 123
  2 3 1 3 8
  3 3 1 3 5
  1 4 1 3 89
  2 4 1 3 3
  3 4 1 3 6
  1 1 2 3 81
  2 1 2 3 24
  3 1 2 3 13
  1 2 2 3 79
  2 2 2 3 3
  3 2 2 3 4
  1 3 2 3 129
  2 3 2 3 6
  3 3 2 3 3
  1 4 2 3 96
  2 4 2 3 2
  3 4 2 3 1
  1 1 1 4 9
  2 1 1 4 2
  3 1 1 4 2
  1 2 1 4 22
  2 2 1 4 1
  3 2 1 4 0
  1 3 1 4 19
  2 3 1 4 1
  3 3 1 4 1
  1 4 1 4 25
  2 4 1 4 1
  3 4 1 4 0
  1 1 2 4 8
  2 1 2 4 2
  3 1 2 4 3
  1 2 2 4 11
  2 2 2 4 3
  3 2 2 4 1
  1 3 2 4 15
  2 3 2 4 1
  3 3 2 4 0
  1 4 2 4 24
  2 4 2 4 0
  3 4 2 4 0
  ]


*** STATISTICS ***

  Number of iterations = 4
  Converge criterion   = 0.0000000135

  X-squared            = 27.1072 (0.7550)
  L-squared            = 29.6688 (0.6338)
  Cressie-Read         = 27.5376 (0.7357)
  Dissimilarity index  = 0.0244
  Degrees of freedom   = 33
  Log-likelihood       = -10189.69426
  Number of parameters = 39 (+24)
  Sample size          = 2796.0
  BIC(L-squared)       = -232.2174
  AIC(L-squared)       = -36.3312
  BIC(log-likelihood)  = 20688.8904
  AIC(log-likelihood)  = 20457.3885

  Eigenvalues information matrix
    2200.9490  1946.0407  1809.5890  1234.0486  1092.6602   787.2085
     747.7433   696.0771   519.9135   416.2666   413.0841   346.8241
     248.8285   226.3567   178.1129   165.5490   162.2389   148.5837
     126.2233    96.7592    90.2647    79.7586    76.2147    60.9147
      42.5579    40.6786    34.2227    32.5540    29.8001    27.8248
      27.2689    22.9591    22.4639    20.9548    18.2224    15.3857
      14.5859    11.1801    -0.0001

WARNING: 1 (nearly) boundary or non-identified (log-linear) parameters
WARNING: 2 zero estimated frequencies



*** FREQUENCIES ***

  I S G U     observed  estimated  std. res.
  1 1 1 1      34.000     38.949     -0.793
  1 1 1 2     133.000    128.075      0.435
  1 1 1 3      71.000     70.818      0.022
  1 1 1 4       9.000      9.157     -0.052
  1 1 2 1      37.000     32.051      0.874
  1 1 2 2     112.000    116.925     -0.455
  1 1 2 3      81.000     81.182     -0.020
  1 1 2 4       8.000      7.843      0.056
  1 2 1 1      40.000     34.694      0.901
  1 2 1 2     151.000    155.297     -0.345
  1 2 1 3      73.000     76.925     -0.447
  1 2 1 4      22.000     19.085      0.667
  1 2 2 1      19.000     24.306     -1.076
  1 2 2 2     125.000    120.703      0.391
  1 2 2 3      79.000     75.075      0.453
  1 2 2 4      11.000     13.915     -0.782
  1 3 1 1      36.000     36.801     -0.132
  1 3 1 2     205.000    205.394     -0.027
  1 3 1 3     123.000    121.890      0.101
  1 3 1 4      19.000     18.915      0.019
  1 3 2 1      29.000     28.199      0.151
  1 3 2 2     175.000    174.606      0.030
  1 3 2 3     129.000    130.110     -0.097
  1 3 2 4      15.000     15.085     -0.022
  1 4 1 1      44.000     43.789      0.032
  1 4 1 2     197.000    193.871      0.225
  1 4 1 3      89.000     89.956     -0.101
  1 4 1 4      25.000     27.384     -0.456
  1 4 2 1      33.000     33.211     -0.037
  1 4 2 2     160.000    163.129     -0.245
  1 4 2 3      96.000     95.044      0.098
  1 4 2 4      24.000     21.616      0.513
  2 1 1 1       8.000      7.935      0.023
  2 1 1 2      26.000     23.558      0.503
  2 1 1 3       8.000     10.875     -0.872
  2 1 1 4       2.000      1.632      0.288
  2 1 2 1      11.000     11.065     -0.019
  2 1 2 2      34.000     36.442     -0.405
  2 1 2 3      24.000     21.125      0.626
  2 1 2 4       2.000      2.368     -0.239
  2 2 1 1       4.000      3.903      0.049
  2 2 1 2       7.000      7.684     -0.247
  2 2 1 3       3.000      1.889      0.808
  2 2 1 4       1.000      1.523     -0.424
  2 2 2 1       6.000      6.097     -0.039
  2 2 2 2      14.000     13.316      0.187
  2 2 2 3       3.000      4.111     -0.548
  2 2 2 4       3.000      2.477      0.333
  2 3 1 1       3.000      3.173     -0.097
  2 3 1 2       6.000      7.543     -0.562
  2 3 1 3       8.000      6.246      0.702
  2 3 1 4       1.000      1.038     -0.037
  2 3 2 1       3.000      2.827      0.103
  2 3 2 2       9.000      7.457      0.565
  2 3 2 3       6.000      7.754     -0.630
  2 3 2 4       1.000      0.962      0.038
  2 4 1 1       3.000      1.994      0.712
  2 4 1 2       5.000      6.413     -0.558
  2 4 1 3       3.000      2.937      0.037
  2 4 1 4       1.000      0.656      0.425
  2 4 2 1       0.000      1.006     -1.003
  2 4 2 2       5.000      3.587      0.746
  2 4 2 3       2.000      2.063     -0.044
  2 4 2 4       0.000      0.344     -0.587
  3 1 1 1       7.000      6.711      0.111
  3 1 1 2      27.000     24.515      0.502
  3 1 1 3       6.000      8.242     -0.781
  3 1 1 4       2.000      2.531     -0.334
  3 1 2 1       6.000      6.289     -0.115
  3 1 2 2      23.000     25.485     -0.492
  3 1 2 3      13.000     10.758      0.684
  3 1 2 4       3.000      2.469      0.338
  3 2 1 1       3.000      3.310     -0.170
  3 2 1 2       9.000      9.990     -0.313
  3 2 1 3       7.000      5.158      0.811
  3 2 1 4       0.000      0.542     -0.736
  3 2 2 1       3.000      2.690      0.189
  3 2 2 2      10.000      9.010      0.330
  3 2 2 3       4.000      5.842     -0.762
  3 2 2 4       1.000      0.458      0.800
  3 3 1 1       4.000      4.374     -0.179
  3 3 1 2       8.000      9.377     -0.450
  3 3 1 3       5.000      3.713      0.668
  3 3 1 4       1.000      0.537      0.632
  3 3 2 1       4.000      3.626      0.196
  3 3 2 2      10.000      8.623      0.469
  3 3 2 3       3.000      4.287     -0.622
  3 3 2 4       0.000      0.463     -0.681
  3 4 1 1       3.000      3.367     -0.200
  3 4 1 2       2.000      4.283     -1.103
  3 4 1 3       6.000      3.350      1.448
  3 4 1 4       0.000      0.000 *    0.000
  3 4 2 1       3.000      2.633      0.226
  3 4 2 2       6.000      3.717      1.184
  3 4 2 3       1.000      3.650     -1.387
  3 4 2 4       0.000      0.000 *    0.000



*** PSEUDO R-SQUARED MEASURES ***

* P(U|ISG) *
                         baseline   fitted   R-squared
  entropy                 1.1159    1.1043    0.0104
  qualitative variance    0.3094    0.3073    0.0070
  classification error    0.4782    0.4781    0.0002
  -2/N*log-likelihood     2.2319    2.2087    0.0104/0.0226
  likelihood^(-2/N)       9.3171    9.1037    0.0229/0.0257



*** LOG-LINEAR PARAMETERS ***

* TABLE ISGU [or P(U|ISG)] * (WARNING: 1 fitted zero margins)

  effect           beta  std err  z-value   exp(beta)     Wald  df  prob
  U 
   1            -0.1529   0.2254   -0.678      0.8582 
   2             0.9907   0.2198    4.507      2.6930 
   3             0.3834   0.2325    1.649      1.4672 
   4            -1.3320                        0.2639   122.58   3 0.000
  IU 
   1 1          -0.3110   0.2275   -1.367      0.7327 
   1 2           0.0715   0.2208    0.324      1.0741 
   1 3           0.1464   0.2342    0.625      1.1577 
   1 4           0.0931                        1.0975 
   2 1           0.0844   0.2546    0.332      1.0881 
   2 2          -0.0573   0.2398   -0.239      0.9443 
   2 3          -0.1226   0.2345   -0.523      0.8846 
   2 4           0.0955                        1.1002 
   3 1           0.2287                        1.2569 
   3 2          -0.0121                        0.9880 
   3 3          -0.0218                        0.9785 
   3 4          -0.2598                        0.7712    14.55   6 0.024
  SU 
   1 1           0.0077   0.2384    0.032      1.0077 
   1 2           0.1074   0.2268    0.474      1.1134 
   1 3           0.0100   0.2414    0.042      1.0101 
   1 4          -0.1035                        0.9017 
   2 1           0.0278   0.2640    0.105      1.0282 
   2 2           0.0298   0.2501    0.119      1.0303 
   2 3          -0.1712   0.2498   -0.685      0.8426 
   2 4           0.1352                        1.1448 
   3 1          -0.0331   0.2466   -0.134      0.9674 
   3 2          -0.0088   0.2413   -0.036      0.9913 
   3 3           0.1667   0.2665    0.626      1.1814 
   3 4          -0.1032                        0.9020 
   4 1          -0.0024                        0.9976 
   4 2          -0.1285                        0.8794 
   4 3          -0.0055                        0.9945 
   4 4           0.1072                        1.1131     3.58   9 0.937
  GU 
   1 1           0.0594   0.0473    1.257      1.0612 
   1 2           0.0075   0.0328    0.229      1.0075 
   1 3          -0.1063   0.0365   -2.911      0.8991 
   1 4           0.0394                        1.0402 
   2 1          -0.0594                        0.9423 
   2 2          -0.0075                        0.9925 
   2 3           0.1063                        1.1122 
   2 4          -0.0394                        0.9613     9.88   3 0.020
  ISU 
   1 1 1         0.2839   0.2445    1.161      1.3283 
   1 1 2        -0.0995   0.2294   -0.434      0.9053 
   1 1 3         0.0515   0.2430    0.212      1.0529 
   1 1 4        -0.2575                        0.7730 
   1 2 1        -0.0754   0.2703   -0.279      0.9274 
   1 2 2        -0.0527   0.2524   -0.209      0.9486 
   1 2 3         0.0920   0.2513    0.366      1.0963 
   1 2 4         0.0145                        1.0147 
   1 3 1        -0.1530   0.2505   -0.611      0.8581 
   1 3 2         0.0679   0.2453    0.277      1.0703 
   1 3 3         0.0168   0.2743    0.061      1.0170 
   1 3 4         0.0466                        1.0477 
   1 4 1        -0.0555                        0.9460 
   1 4 2         0.0843                        1.0880 
   1 4 3        -0.1603                        0.8519 
   1 4 4         0.1607                        1.1743 
   2 1 1         0.0182   0.2814    0.065      1.0184 
   2 1 2         0.0567   0.2626    0.216      1.0584 
   2 1 3         0.1676   0.2794    0.600      1.1824 
   2 1 4        -0.2641                        0.7679 
   2 2 1         0.2008   0.2958    0.679      1.2224 
   2 2 2        -0.0737   0.2748   -0.268      0.9289 
   2 2 3        -0.4893   0.3505   -1.396      0.6130 
   2 2 4         0.3406                        1.4058 
   2 3 1        -0.0920   0.3264   -0.282      0.9121 
   2 3 2        -0.2002   0.2560   -0.782      0.8186 
   2 3 3         0.2220   ******    *****      1.2486 
   2 3 4         0.0485                        1.0497 
   2 4 1        -0.1270                        0.8807 
   2 4 2         0.2172                        1.2426 
   2 4 3         0.0997                        1.1049 
   2 4 4        -0.1607                        0.8516 
   3 1 1        -0.3021                        0.7393 
   3 1 2         0.0428                        1.0437 
   3 1 3        -0.2191                        0.8033 
   3 1 4         0.5217                        1.6848 
   3 2 1        -0.1254                        0.8821 
   3 2 2         0.1265                        1.1348 
   3 2 3         0.3974                        1.4879 
   3 2 4        -0.3551                        0.7011 
   3 3 1         0.2450                        1.2776 
   3 3 2         0.1323                        1.1414 
   3 3 3        -0.2389                        0.7875 
   3 3 4        -0.0951                        0.9093 
   3 4 1         0.1825                        1.2002 
   3 4 2        -0.3015                        0.7397 
   3 4 3         0.0606                        1.0625 
   3 4 4         ******                    0.00E+0000   16.05  18 0.589



*** (CONDITIONAL) PROBABILITIES ***

* P(U|ISG) *

  1 | 1 1 1      0.1577  (0.0185)
  2 | 1 1 1      0.5185  (0.0246)
  3 | 1 1 1      0.2867  (0.0219)
  4 | 1 1 1      0.0371  (0.0092)
  1 | 1 1 2      0.1347  (0.0167)
  2 | 1 1 2      0.4913  (0.0247)
  3 | 1 1 2      0.3411  (0.0238)
  4 | 1 1 2      0.0330  (0.0084)
  1 | 1 2 1      0.1213  (0.0156)
  2 | 1 2 1      0.5430  (0.0234)
  3 | 1 2 1      0.2690  (0.0205)
  4 | 1 2 1      0.0667  (0.0121)
  1 | 1 2 2      0.1039  (0.0144)
  2 | 1 2 2      0.5158  (0.0243)
  3 | 1 2 2      0.3208  (0.0231)
  4 | 1 2 2      0.0595  (0.0114)
  1 | 1 3 1      0.0961  (0.0121)
  2 | 1 3 1      0.5363  (0.0206)
  3 | 1 3 1      0.3183  (0.0191)
  4 | 1 3 1      0.0494  (0.0090)
  1 | 1 3 2      0.0810  (0.0108)
  2 | 1 3 2      0.5017  (0.0211)
  3 | 1 3 2      0.3739  (0.0207)
  4 | 1 3 2      0.0433  (0.0083)
  1 | 1 4 1      0.1233  (0.0142)
  2 | 1 4 1      0.5461  (0.0212)
  3 | 1 4 1      0.2534  (0.0182)
  4 | 1 4 1      0.0771  (0.0118)
  1 | 1 4 2      0.1061  (0.0131)
  2 | 1 4 2      0.5212  (0.0219)
  3 | 1 4 2      0.3037  (0.0203)
  4 | 1 4 2      0.0691  (0.0113)
  1 | 2 1 1      0.1803  (0.0385)
  2 | 2 1 1      0.5354  (0.0481)
  3 | 2 1 1      0.2472  (0.0401)
  4 | 2 1 1      0.0371  (0.0185)
  1 | 2 1 2      0.1558  (0.0337)
  2 | 2 1 2      0.5133  (0.0473)
  3 | 2 1 2      0.2975  (0.0440)
  4 | 2 1 2      0.0334  (0.0166)
  1 | 2 2 1      0.2602  (0.0715)
  2 | 2 2 1      0.5123  (0.0794)
  3 | 2 2 1      0.1259  (0.0491)
  4 | 2 2 1      0.1016  (0.0490)
  1 | 2 2 2      0.2345  (0.0658)
  2 | 2 2 2      0.5121  (0.0785)
  3 | 2 2 2      0.1581  (0.0590)
  4 | 2 2 2      0.0953  (0.0457)
  1 | 2 3 1      0.1763  (0.0653)
  2 | 2 3 1      0.4191  (0.0822)
  3 | 2 3 1      0.3470  (0.0776)
  4 | 2 3 1      0.0576  (0.0398)
  1 | 2 3 2      0.1488  (0.0571)
  2 | 2 3 2      0.3925  (0.0805)
  3 | 2 3 2      0.4081  (0.0826)
  4 | 2 3 2      0.0506  (0.0352)
  1 | 2 4 1      0.1662  (0.0874)
  2 | 2 4 1      0.5344  (0.1147)
  3 | 2 4 1      0.2448  (0.0966)
  4 | 2 4 1      0.0547  (0.0532)
  1 | 2 4 2      0.1437  (0.0780)
  2 | 2 4 2      0.5125  (0.1158)
  3 | 2 4 2      0.2947  (0.1090)
  4 | 2 4 2      0.0492  (0.0483)
  1 | 3 1 1      0.1598  (0.0411)
  2 | 3 1 1      0.5837  (0.0537)
  3 | 3 1 1      0.1962  (0.0416)
  4 | 3 1 1      0.0603  (0.0265)
  1 | 3 1 2      0.1397  (0.0369)
  2 | 3 1 2      0.5663  (0.0541)
  3 | 3 1 2      0.2391  (0.0478)
  4 | 3 1 2      0.0549  (0.0243)
  1 | 3 2 1      0.1742  (0.0647)
  2 | 3 2 1      0.5258  (0.0827)
  3 | 3 2 1      0.2715  (0.0718)
  4 | 3 2 1      0.0285  (0.0282)
  1 | 3 2 2      0.1495  (0.0573)
  2 | 3 2 2      0.5005  (0.0830)
  3 | 3 2 2      0.3245  (0.0795)
  4 | 3 2 2      0.0255  (0.0253)
  1 | 3 3 1      0.2430  (0.0748)
  2 | 3 3 1      0.5209  (0.0851)
  3 | 3 3 1      0.2063  (0.0664)
  4 | 3 3 1      0.0298  (0.0294)
  1 | 3 3 2      0.2133  (0.0684)
  2 | 3 3 2      0.5073  (0.0853)
  3 | 3 3 2      0.2522  (0.0764)
  4 | 3 3 2      0.0272  (0.0270)
  1 | 3 4 1      0.3061  (0.1034)
  2 | 3 4 1      0.3894  (0.1074)
  3 | 3 4 1      0.3045  (0.0987)
  4 | 3 4 1      0.0000  (0.0000) *
  1 | 3 4 2      0.2633  (0.0947)
  2 | 3 4 2      0.3717  (0.1056)
  3 | 3 4 2      0.3650  (0.1080)
  4 | 3 4 2      0.0000  (0.0000) *


