LEM: log-linear and event history analysis with missing data.
Developed by Jeroen Vermunt (c), Tilburg University, The Netherlands.
Version 1.0 (September 18, 1997).


*** INPUT ***

  * Exercise 2: logit 3way interactions
  man 4
  dim 3 4 2 4
  lab I S G U
  mod U|ISG {IU SU GU}
  rec 96
  rco
  dat [
  1 1 1 1 34
  2 1 1 1 8
  3 1 1 1 7
  1 2 1 1 40
  2 2 1 1 4
  3 2 1 1 3
  1 3 1 1 36
  2 3 1 1 3
  3 3 1 1 4
  1 4 1 1 44
  2 4 1 1 3
  3 4 1 1 3
  1 1 2 1 37
  2 1 2 1 11
  3 1 2 1 6
  1 2 2 1 19
  2 2 2 1 6
  3 2 2 1 3
  1 3 2 1 29
  2 3 2 1 3
  3 3 2 1 4
  1 4 2 1 33
  2 4 2 1 0
  3 4 2 1 3
  1 1 1 2 133
  2 1 1 2 26
  3 1 1 2 27
  1 2 1 2 151
  2 2 1 2 7
  3 2 1 2 9
  1 3 1 2 205
  2 3 1 2 6
  3 3 1 2 8
  1 4 1 2 197
  2 4 1 2 5
  3 4 1 2 2
  1 1 2 2 112
  2 1 2 2 34
  3 1 2 2 23
  1 2 2 2 125
  2 2 2 2 14
  3 2 2 2 10
  1 3 2 2 175
  2 3 2 2 9
  3 3 2 2 10
  1 4 2 2 160
  2 4 2 2 5
  3 4 2 2 6
  1 1 1 3 71
  2 1 1 3 8
  3 1 1 3 6
  1 2 1 3 73
  2 2 1 3 3
  3 2 1 3 7
  1 3 1 3 123
  2 3 1 3 8
  3 3 1 3 5
  1 4 1 3 89
  2 4 1 3 3
  3 4 1 3 6
  1 1 2 3 81
  2 1 2 3 24
  3 1 2 3 13
  1 2 2 3 79
  2 2 2 3 3
  3 2 2 3 4
  1 3 2 3 129
  2 3 2 3 6
  3 3 2 3 3
  1 4 2 3 96
  2 4 2 3 2
  3 4 2 3 1
  1 1 1 4 9
  2 1 1 4 2
  3 1 1 4 2
  1 2 1 4 22
  2 2 1 4 1
  3 2 1 4 0
  1 3 1 4 19
  2 3 1 4 1
  3 3 1 4 1
  1 4 1 4 25
  2 4 1 4 1
  3 4 1 4 0
  1 1 2 4 8
  2 1 2 4 2
  3 1 2 4 3
  1 2 2 4 11
  2 2 2 4 3
  3 2 2 4 1
  1 3 2 4 15
  2 3 2 4 1
  3 3 2 4 0
  1 4 2 4 24
  2 4 2 4 0
  3 4 2 4 0
  ]


*** STATISTICS ***

  Number of iterations = 5
  Converge criterion   = 0.0000000707

  X-squared            = 47.1881 (0.6258)
  L-squared            = 49.8751 (0.5184)
  Cressie-Read         = 47.1767 (0.6263)
  Dissimilarity index  = 0.0293
  Degrees of freedom   = 51
  Log-likelihood       = -10199.79739
  Number of parameters = 21 (+24)
  Sample size          = 2796.0
  BIC(L-squared)       = -354.8581
  AIC(L-squared)       = -52.1249
  BIC(log-likelihood)  = 20566.2496
  AIC(log-likelihood)  = 20441.5948

  Eigenvalues information matrix
    1975.9502  1475.1666  1104.1901  1086.2405   838.2177   752.4892
     718.8709   431.0869   415.0968   302.2142   251.9651   193.2962
     187.2588   155.0258   127.9397   108.9001   106.7244    96.9637
      95.9443    75.5456    56.0145




*** FREQUENCIES ***

  I S G U     observed  estimated  std. res.
  1 1 1 1      34.000     34.793     -0.134
  1 1 1 2     133.000    132.000      0.087
  1 1 1 3      71.000     70.211      0.094
  1 1 1 4       9.000      9.995     -0.315
  1 1 2 1      37.000     28.659      1.558
  1 1 2 2     112.000    120.560     -0.780
  1 1 2 3      81.000     80.177      0.092
  1 1 2 4       8.000      8.605     -0.206
  1 2 1 1      40.000     35.966      0.673
  1 2 1 2     151.000    154.871     -0.311
  1 2 1 3      73.000     75.967     -0.340
  1 2 1 4      22.000     19.196      0.640
  1 2 2 1      19.000     25.268     -1.247
  1 2 2 2     125.000    120.646      0.396
  1 2 2 3      79.000     73.991      0.582
  1 2 2 4      11.000     14.095     -0.824
  1 3 1 1      36.000     38.770     -0.445
  1 3 1 2     205.000    203.008      0.140
  1 3 1 3     123.000    122.482      0.047
  1 3 1 4      19.000     18.740      0.060
  1 3 2 1      29.000     29.767     -0.141
  1 3 2 2     175.000    172.826      0.165
  1 3 2 3     129.000    130.370     -0.120
  1 3 2 4      15.000     15.038     -0.010
  1 4 1 1      44.000     44.789     -0.118
  1 4 1 2     197.000    192.293      0.339
  1 4 1 3      89.000     91.522     -0.264
  1 4 1 4      25.000     26.396     -0.272
  1 4 2 1      33.000     33.988     -0.169
  1 4 2 2     160.000    161.797     -0.141
  1 4 2 3      96.000     96.281     -0.029
  1 4 2 4      24.000     20.934      0.670
  2 1 1 1       8.000      9.237     -0.407
  2 1 1 2      26.000     22.315      0.780
  2 1 1 3       8.000     10.513     -0.775
  2 1 1 4       2.000      1.935      0.047
  2 1 2 1      11.000     12.967     -0.546
  2 1 2 2      34.000     34.734     -0.125
  2 1 2 3      24.000     20.460      0.783
  2 1 2 4       2.000      2.838     -0.498
  2 2 1 1       4.000      2.818      0.704
  2 2 1 2       7.000      7.728     -0.262
  2 2 1 3       3.000      3.357     -0.195
  2 2 1 4       1.000      1.097     -0.092
  2 2 2 1       6.000      4.263      0.841
  2 2 2 2      14.000     12.962      0.288
  2 2 2 3       3.000      7.041     -1.523
  2 2 2 4       3.000      1.734      0.962
  2 3 1 1       3.000      2.783      0.130
  2 3 1 2       6.000      9.278     -1.076
  2 3 1 3       8.000      4.958      1.366
  2 3 1 4       1.000      0.981      0.020
  2 3 2 1       3.000      2.521      0.301
  2 3 2 2       9.000      9.322     -0.105
  2 3 2 3       6.000      6.228     -0.091
  2 3 2 4       1.000      0.929      0.074
  2 4 1 1       3.000      2.257      0.494
  2 4 1 2       5.000      6.171     -0.471
  2 4 1 3       3.000      2.602      0.247
  2 4 1 4       1.000      0.970      0.031
  2 4 2 1       0.000      1.152     -1.073
  2 4 2 2       5.000      3.491      0.808
  2 4 2 3       2.000      1.840      0.118
  2 4 2 4       0.000      0.517     -0.719
  3 1 1 1       7.000      8.963     -0.656
  3 1 1 2      27.000     22.285      0.999
  3 1 1 3       6.000      9.423     -1.115
  3 1 1 4       2.000      1.328      0.583
  3 1 2 1       6.000      8.381     -0.822
  3 1 2 2      23.000     23.106     -0.022
  3 1 2 3      13.000     12.215      0.224
  3 1 2 4       3.000      1.298      1.494
  3 2 1 1       3.000      3.655     -0.343
  3 2 1 2       9.000     10.316     -0.410
  3 2 1 3       7.000      4.023      1.485
  3 2 1 4       0.000      1.007     -1.003
  3 2 2 1       3.000      3.029     -0.017
  3 2 2 2      10.000      9.478      0.169
  3 2 2 3       4.000      4.621     -0.289
  3 2 2 4       1.000      0.872      0.137
  3 3 1 1       4.000      2.845      0.685
  3 3 1 2       8.000      9.763     -0.564
  3 3 1 3       5.000      4.683      0.147
  3 3 1 4       1.000      0.709      0.345
  3 3 2 1       4.000      2.314      1.109
  3 3 2 2      10.000      8.804      0.403
  3 3 2 3       3.000      5.279     -0.992
  3 3 2 4       0.000      0.603     -0.777
  3 4 1 1       3.000      2.123      0.602
  3 4 1 2       2.000      5.972     -1.625
  3 4 1 3       6.000      2.260      2.488
  3 4 1 4       0.000      0.645     -0.803
  3 4 2 1       3.000      1.691      1.007
  3 4 2 2       6.000      5.276      0.315
  3 4 2 3       1.000      2.496     -0.947
  3 4 2 4       0.000      0.537     -0.733



*** PSEUDO R-SQUARED MEASURES ***

* P(U|ISG) *
                         baseline   fitted   R-squared
  entropy                 1.1159    1.1080    0.0071
  qualitative variance    0.3094    0.3079    0.0048
  classification error    0.4782    0.4782   -0.0000
  -2/N*log-likelihood     2.2319    2.2159    0.0071/0.0157
  likelihood^(-2/N)       9.3171    9.1698    0.0158/0.0177



*** LOG-LINEAR PARAMETERS ***

* TABLE ISGU [or P(U|ISG)] *

  effect           beta  std err  z-value   exp(beta)     Wald  df  prob
  U 
   1            -0.1835   0.0791   -2.319      0.8323 
   2             1.0533   0.0617   17.076      2.8672 
   3             0.4003   0.0709    5.649      1.4922 
   4            -1.2701                        0.2808   305.50   3 0.000
  IU 
   1 1          -0.2564   0.0858   -2.987      0.7738 
   1 2           0.0349   0.0662    0.528      1.0356 
   1 3           0.1519   0.0755    2.011      1.1640 
   1 4           0.0696                        1.0721 
   2 1           0.0787   0.1165    0.675      1.0818 
   2 2          -0.0814   0.0916   -0.889      0.9218 
   2 3          -0.0858   0.1047   -0.820      0.9178 
   2 4           0.0886                        1.0926 
   3 1           0.1777                        1.1945 
   3 2           0.0465                        1.0476 
   3 3          -0.0660                        0.9361 
   3 4          -0.1582                        0.8537    12.67   6 0.049
  SU 
   1 1           0.1836   0.0833    2.205      1.2015 
   1 2           0.0404   0.0614    0.659      1.0413 
   1 3           0.0570   0.0680    0.838      1.0586 
   1 4          -0.2810                        0.7550 
   2 1          -0.0144   0.0843   -0.170      0.9857 
   2 2          -0.0308   0.0584   -0.529      0.9696 
   2 3          -0.0953   0.0662   -1.441      0.9091 
   2 4           0.1405                        1.1509 
   3 1          -0.1391   0.0830   -1.676      0.8701 
   3 2           0.0400   0.0561    0.712      1.0408 
   3 3           0.1825   0.0612    2.984      1.2002 
   3 4          -0.0834                        0.9200 
   4 1          -0.0301                        0.9703 
   4 2          -0.0496                        0.9516 
   4 3          -0.1442                        0.8657 
   4 4           0.2239                        1.2509    19.25   9 0.023
  GU 
   1 1           0.0593   0.0471    1.257      1.0611 
   1 2           0.0076   0.0327    0.233      1.0076 
   1 3          -0.1041   0.0364   -2.856      0.9012 
   1 4           0.0372                        1.0379 
   2 1          -0.0593                        0.9425 
   2 2          -0.0076                        0.9924 
   2 3           0.1041                        1.1097 
   2 4          -0.0372                        0.9635     9.56   3 0.023



*** (CONDITIONAL) PROBABILITIES ***

* P(U|ISG) *

  1 | 1 1 1      0.1409  (0.0160)
  2 | 1 1 1      0.5344  (0.0228)
  3 | 1 1 1      0.2843  (0.0205)
  4 | 1 1 1      0.0405  (0.0089)
  1 | 1 1 2      0.1204  (0.0144)
  2 | 1 1 2      0.5066  (0.0230)
  3 | 1 1 2      0.3369  (0.0222)
  4 | 1 1 2      0.0362  (0.0081)
  1 | 1 2 1      0.1258  (0.0149)
  2 | 1 2 1      0.5415  (0.0224)
  3 | 1 2 1      0.2656  (0.0196)
  4 | 1 2 1      0.0671  (0.0116)
  1 | 1 2 2      0.1080  (0.0138)
  2 | 1 2 2      0.5156  (0.0233)
  3 | 1 2 2      0.3162  (0.0220)
  4 | 1 2 2      0.0602  (0.0111)
  1 | 1 3 1      0.1012  (0.0119)
  2 | 1 3 1      0.5300  (0.0199)
  3 | 1 3 1      0.3198  (0.0186)
  4 | 1 3 1      0.0489  (0.0086)
  1 | 1 3 2      0.0855  (0.0107)
  2 | 1 3 2      0.4966  (0.0205)
  3 | 1 3 2      0.3746  (0.0202)
  4 | 1 3 2      0.0432  (0.0080)
  1 | 1 4 1      0.1262  (0.0139)
  2 | 1 4 1      0.5417  (0.0207)
  3 | 1 4 1      0.2578  (0.0179)
  4 | 1 4 1      0.0744  (0.0114)
  1 | 1 4 2      0.1086  (0.0129)
  2 | 1 4 2      0.5169  (0.0215)
  3 | 1 4 2      0.3076  (0.0201)
  4 | 1 4 2      0.0669  (0.0109)
  1 | 2 1 1      0.2099  (0.0331)
  2 | 2 1 1      0.5072  (0.0379)
  3 | 2 1 1      0.2389  (0.0310)
  4 | 2 1 1      0.0440  (0.0147)
  1 | 2 1 2      0.1826  (0.0291)
  2 | 2 1 2      0.4892  (0.0368)
  3 | 2 1 2      0.2882  (0.0339)
  4 | 2 1 2      0.0400  (0.0132)
  1 | 2 2 1      0.1879  (0.0344)
  2 | 2 2 1      0.5152  (0.0416)
  3 | 2 2 1      0.2238  (0.0323)
  4 | 2 2 1      0.0731  (0.0244)
  1 | 2 2 2      0.1640  (0.0306)
  2 | 2 2 2      0.4985  (0.0407)
  3 | 2 2 2      0.2708  (0.0360)
  4 | 2 2 2      0.0667  (0.0222)
  1 | 2 3 1      0.1546  (0.0296)
  2 | 2 3 1      0.5155  (0.0407)
  3 | 2 3 1      0.2755  (0.0362)
  4 | 2 3 1      0.0545  (0.0189)
  1 | 2 3 2      0.1327  (0.0258)
  2 | 2 3 2      0.4906  (0.0403)
  3 | 2 3 2      0.3278  (0.0392)
  4 | 2 3 2      0.0489  (0.0169)
  1 | 2 4 1      0.1881  (0.0351)
  2 | 2 4 1      0.5143  (0.0424)
  3 | 2 4 1      0.2168  (0.0320)
  4 | 2 4 1      0.0808  (0.0270)
  1 | 2 4 2      0.1645  (0.0312)
  2 | 2 4 2      0.4987  (0.0414)
  3 | 2 4 2      0.2629  (0.0359)
  4 | 2 4 2      0.0739  (0.0247)
  1 | 3 1 1      0.2134  (0.0355)
  2 | 3 1 1      0.5306  (0.0406)
  3 | 3 1 1      0.2244  (0.0324)
  4 | 3 1 1      0.0316  (0.0129)
  1 | 3 1 2      0.1862  (0.0321)
  2 | 3 1 2      0.5135  (0.0404)
  3 | 3 1 2      0.2715  (0.0364)
  4 | 3 1 2      0.0288  (0.0118)
  1 | 3 2 1      0.1924  (0.0360)
  2 | 3 2 1      0.5429  (0.0432)
  3 | 3 2 1      0.2117  (0.0330)
  4 | 3 2 1      0.0530  (0.0212)
  1 | 3 2 2      0.1683  (0.0328)
  2 | 3 2 2      0.5266  (0.0432)
  3 | 3 2 2      0.2567  (0.0376)
  4 | 3 2 2      0.0484  (0.0196)
  1 | 3 3 1      0.1581  (0.0310)
  2 | 3 3 1      0.5424  (0.0424)
  3 | 3 3 1      0.2601  (0.0372)
  4 | 3 3 1      0.0394  (0.0162)
  1 | 3 3 2      0.1361  (0.0277)
  2 | 3 3 2      0.5179  (0.0430)
  3 | 3 3 2      0.3106  (0.0413)
  4 | 3 3 2      0.0355  (0.0147)
  1 | 3 4 1      0.1930  (0.0367)
  2 | 3 4 1      0.5429  (0.0438)
  3 | 3 4 1      0.2054  (0.0326)
  4 | 3 4 1      0.0587  (0.0234)
  1 | 3 4 2      0.1691  (0.0334)
  2 | 3 4 2      0.5276  (0.0437)
  3 | 3 4 2      0.2496  (0.0373)
  4 | 3 4 2      0.0537  (0.0217)


