LEM: log-linear and event history analysis with missing data.
Developed by Jeroen Vermunt (c), Tilburg University, The Netherlands.
Version 1.0 (September 18, 1997).


*** INPUT ***

  * Exercise 2: logit 3way interactions
  man 4
  dim 3 4 2 4
  lab I S G U
  mod U|ISG {ISU IGU SGU}
  rec 96
  rco
  dat [
  1 1 1 1 34
  2 1 1 1 8
  3 1 1 1 7
  1 2 1 1 40
  2 2 1 1 4
  3 2 1 1 3
  1 3 1 1 36
  2 3 1 1 3
  3 3 1 1 4
  1 4 1 1 44
  2 4 1 1 3
  3 4 1 1 3
  1 1 2 1 37
  2 1 2 1 11
  3 1 2 1 6
  1 2 2 1 19
  2 2 2 1 6
  3 2 2 1 3
  1 3 2 1 29
  2 3 2 1 3
  3 3 2 1 4
  1 4 2 1 33
  2 4 2 1 0
  3 4 2 1 3
  1 1 1 2 133
  2 1 1 2 26
  3 1 1 2 27
  1 2 1 2 151
  2 2 1 2 7
  3 2 1 2 9
  1 3 1 2 205
  2 3 1 2 6
  3 3 1 2 8
  1 4 1 2 197
  2 4 1 2 5
  3 4 1 2 2
  1 1 2 2 112
  2 1 2 2 34
  3 1 2 2 23
  1 2 2 2 125
  2 2 2 2 14
  3 2 2 2 10
  1 3 2 2 175
  2 3 2 2 9
  3 3 2 2 10
  1 4 2 2 160
  2 4 2 2 5
  3 4 2 2 6
  1 1 1 3 71
  2 1 1 3 8
  3 1 1 3 6
  1 2 1 3 73
  2 2 1 3 3
  3 2 1 3 7
  1 3 1 3 123
  2 3 1 3 8
  3 3 1 3 5
  1 4 1 3 89
  2 4 1 3 3
  3 4 1 3 6
  1 1 2 3 81
  2 1 2 3 24
  3 1 2 3 13
  1 2 2 3 79
  2 2 2 3 3
  3 2 2 3 4
  1 3 2 3 129
  2 3 2 3 6
  3 3 2 3 3
  1 4 2 3 96
  2 4 2 3 2
  3 4 2 3 1
  1 1 1 4 9
  2 1 1 4 2
  3 1 1 4 2
  1 2 1 4 22
  2 2 1 4 1
  3 2 1 4 0
  1 3 1 4 19
  2 3 1 4 1
  3 3 1 4 1
  1 4 1 4 25
  2 4 1 4 1
  3 4 1 4 0
  1 1 2 4 8
  2 1 2 4 2
  3 1 2 4 3
  1 2 2 4 11
  2 2 2 4 3
  3 2 2 4 1
  1 3 2 4 15
  2 3 2 4 1
  3 3 2 4 0
  1 4 2 4 24
  2 4 2 4 0
  3 4 2 4 0
  ]


*** STATISTICS ***

  Number of iterations = 5
  Converge criterion   = 0.0000003073

  X-squared            = 18.8070 (0.4038)
  L-squared            = 21.2158 (0.2687)
  Cressie-Read         = 19.2388 (0.3773)
  Dissimilarity index  = 0.0198
  Degrees of freedom   = 18
  Log-likelihood       = -10185.46775
  Number of parameters = 54 (+24)
  Sample size          = 2796.0
  BIC(L-squared)       = -121.6312
  AIC(L-squared)       = -14.7842
  BIC(log-likelihood)  = 20799.4765
  AIC(log-likelihood)  = 20478.9355

  Eigenvalues information matrix
    2212.7259  1991.2380  1922.7234  1812.1454  1511.6204  1221.5124
    1062.4925   832.1291   789.8664   737.5358   631.9912   519.7721
     414.9014   414.3817   356.7034   302.0059   253.3222   248.2839
     224.9139   192.9380   182.1104   177.5013   173.0310   164.9569
     155.2383   149.5842   127.5960   120.3198   108.1911   100.9008
      96.3275    89.7861    89.0531    83.7415    80.4733    76.0224
      69.9873    60.6062    55.2746    42.0632    40.5167    33.8003
      32.1741    29.5269    27.5361    27.2142    22.8602    22.0162
      20.3677    18.0579    15.3641    14.4326    11.0049    -0.0005

WARNING: 1 (nearly) boundary or non-identified (log-linear) parameters
WARNING: 2 zero estimated frequencies



*** FREQUENCIES ***

  I S G U     observed  estimated  std. res.
  1 1 1 1      34.000     35.312     -0.221
  1 1 1 2     133.000    137.227     -0.361
  1 1 1 3      71.000     65.172      0.722
  1 1 1 4       9.000      9.289     -0.095
  1 1 2 1      37.000     35.688      0.220
  1 1 2 2     112.000    107.773      0.407
  1 1 2 3      81.000     86.828     -0.625
  1 1 2 4       8.000      7.711      0.104
  1 2 1 1      40.000     38.544      0.235
  1 2 1 2     151.000    151.496     -0.040
  1 2 1 3      73.000     75.116     -0.244
  1 2 1 4      22.000     20.844      0.253
  1 2 2 1      19.000     20.456     -0.322
  1 2 2 2     125.000    124.504      0.044
  1 2 2 3      79.000     76.884      0.241
  1 2 2 4      11.000     12.156     -0.332
  1 3 1 1      36.000     35.528      0.079
  1 3 1 2     205.000    203.275      0.121
  1 3 1 3     123.000    124.713     -0.153
  1 3 1 4      19.000     19.484     -0.110
  1 3 2 1      29.000     29.472     -0.087
  1 3 2 2     175.000    176.725     -0.130
  1 3 2 3     129.000    127.287      0.152
  1 3 2 4      15.000     14.516      0.127
  1 4 1 1      44.000     44.616     -0.092
  1 4 1 2     197.000    194.002      0.215
  1 4 1 3      89.000     90.999     -0.210
  1 4 1 4      25.000     25.383     -0.076
  1 4 2 1      33.000     32.384      0.108
  1 4 2 2     160.000    162.998     -0.235
  1 4 2 3      96.000     94.001      0.206
  1 4 2 4      24.000     23.617      0.079
  2 1 1 1       8.000      7.748      0.090
  2 1 1 2      26.000     24.184      0.369
  2 1 1 3       8.000     10.415     -0.748
  2 1 1 4       2.000      1.653      0.270
  2 1 2 1      11.000     11.252     -0.075
  2 1 2 2      34.000     35.817     -0.304
  2 1 2 3      24.000     21.585      0.520
  2 1 2 4       2.000      2.347     -0.227
  2 2 1 1       4.000      4.839     -0.382
  2 2 1 2       7.000      6.631      0.143
  2 2 1 3       3.000      1.860      0.836
  2 2 1 4       1.000      1.670     -0.519
  2 2 2 1       6.000      5.161      0.370
  2 2 2 2      14.000     14.369     -0.097
  2 2 2 3       3.000      4.140     -0.560
  2 2 2 4       3.000      2.330      0.439
  2 3 1 1       3.000      3.280     -0.155
  2 3 1 2       6.000      7.007     -0.381
  2 3 1 3       8.000      6.652      0.522
  2 3 1 4       1.000      1.060     -0.058
  2 3 2 1       3.000      2.720      0.170
  2 3 2 2       9.000      7.993      0.356
  2 3 2 3       6.000      7.348     -0.497
  2 3 2 4       1.000      0.940      0.062
  2 4 1 1       3.000      2.132      0.594
  2 4 1 2       5.000      6.178     -0.474
  2 4 1 3       3.000      3.073     -0.041
  2 4 1 4       1.000      0.617      0.488
  2 4 2 1       0.000      0.868     -0.932
  2 4 2 2       5.000      3.821      0.603
  2 4 2 3       2.000      1.927      0.052
  2 4 2 4       0.000      0.383     -0.619
  3 1 1 1       7.000      5.939      0.435
  3 1 1 2      27.000     24.590      0.486
  3 1 1 3       6.000      9.413     -1.112
  3 1 1 4       2.000      2.059     -0.041
  3 1 2 1       6.000      7.061     -0.399
  3 1 2 2      23.000     25.410     -0.478
  3 1 2 3      13.000      9.587      1.102
  3 1 2 4       3.000      2.941      0.034
  3 2 1 1       3.000      3.617     -0.324
  3 2 1 2       9.000      8.873      0.043
  3 2 1 3       7.000      6.024      0.397
  3 2 1 4       0.000      0.486     -0.697
  3 2 2 1       3.000      2.383      0.400
  3 2 2 2      10.000     10.127     -0.040
  3 2 2 3       4.000      4.976     -0.437
  3 2 2 4       1.000      0.514      0.677
  3 3 1 1       4.000      4.192     -0.094
  3 3 1 2       8.000      8.718     -0.243
  3 3 1 3       5.000      4.634      0.170
  3 3 1 4       1.000      0.456      0.806
  3 3 2 1       4.000      3.808      0.099
  3 3 2 2      10.000      9.282      0.236
  3 3 2 3       3.000      3.366     -0.199
  3 3 2 4       0.000      0.544     -0.738
  3 4 1 1       3.000      3.252     -0.140
  3 4 1 2       2.000      3.820     -0.931
  3 4 1 3       6.000      3.929      1.045
  3 4 1 4       0.000      0.000 *    0.000
  3 4 2 1       3.000      2.748      0.152
  3 4 2 2       6.000      4.180      0.890
  3 4 2 3       1.000      3.071     -1.182
  3 4 2 4       0.000      0.000 *    0.000



*** PSEUDO R-SQUARED MEASURES ***

* P(U|ISG) *
                         baseline   fitted   R-squared
  entropy                 1.1159    1.1028    0.0117
  qualitative variance    0.3094    0.3068    0.0084
  classification error    0.4782    0.4781    0.0001
  -2/N*log-likelihood     2.2319    2.2057    0.0117/0.0255
  likelihood^(-2/N)       9.3171    9.0763    0.0259/0.0290



*** LOG-LINEAR PARAMETERS ***

* TABLE ISGU [or P(U|ISG)] * (WARNING: 1 fitted zero margins)

  effect           beta  std err  z-value   exp(beta)     Wald  df  prob
  U 
   1            -0.1555   0.2256   -0.689      0.8560 
   2             0.9914   0.2200    4.506      2.6950 
   3             0.3826   0.2331    1.641      1.4661 
   4            -1.3291                        0.2647   122.22   3 0.000
  IU 
   1 1          -0.3114   0.2277   -1.368      0.7324 
   1 2           0.0740   0.2210    0.335      1.0768 
   1 3           0.1492   0.2348    0.636      1.1609 
   1 4           0.0882                        1.0922 
   2 1           0.0831   0.2552    0.326      1.0867 
   2 2          -0.0615   0.2402   -0.256      0.9403 
   2 3          -0.1256   0.2346   -0.536      0.8819 
   2 4           0.1040                        1.1096 
   3 1           0.2303                        1.2590 
   3 2          -0.0105                        0.9896 
   3 3          -0.0216                        0.9786 
   3 4          -0.2621                        0.7694    14.66   6 0.023
  SU 
   1 1           0.0122   0.2390    0.051      1.0122 
   1 2           0.1086   0.2271    0.478      1.1147 
   1 3           0.0100   0.2417    0.041      1.0100 
   1 4          -0.1095                        0.8963 
   2 1           0.0279   0.2649    0.105      1.0283 
   2 2           0.0240   0.2506    0.096      1.0243 
   2 3          -0.1667   0.2500   -0.667      0.8464 
   2 4           0.1362                        1.1459 
   3 1          -0.0281   0.2468   -0.114      0.9723 
   3 2          -0.0091   0.2417   -0.038      0.9910 
   3 3           0.1665   0.2667    0.624      1.1812 
   3 4          -0.1081                        0.8975 
   4 1          -0.0120                        0.9881 
   4 2          -0.1235                        0.8838 
   4 3          -0.0098                        0.9903 
   4 4           0.1187                        1.1260     3.42   9 0.945
  GU 
   1 1           0.0842   0.0798    1.054      1.0878 
   1 2          -0.0271   0.0632   -0.429      0.9732 
   1 3          -0.0439   0.0729   -0.603      0.9570 
   1 4          -0.0131                        0.9870 
   2 1          -0.0842                        0.9193 
   2 2           0.0271                        1.0275 
   2 3           0.0439                        1.0449 
   2 4           0.0131                        1.0132     1.56   3 0.667
  ISU 
   1 1 1         0.2900   0.2452    1.183      1.3364 
   1 1 2        -0.1074   0.2299   -0.467      0.8981 
   1 1 3         0.0444   0.2434    0.182      1.0454 
   1 1 4        -0.2482                        0.7802 
   1 2 1        -0.0924   0.2715   -0.341      0.9117 
   1 2 2        -0.0335   0.2530   -0.132      0.9671 
   1 2 3         0.0990   0.2515    0.394      1.1041 
   1 2 4         0.0056                        1.0056 
   1 3 1        -0.1508   0.2507   -0.601      0.8600 
   1 3 2         0.0656   0.2458    0.267      1.0678 
   1 3 3         0.0152   0.2746    0.055      1.0153 
   1 3 4         0.0487                        1.0499 
   1 4 1        -0.0468                        0.9543 
   1 4 2         0.0753                        1.0782 
   1 4 3        -0.1586                        0.8534 
   1 4 4         0.1566                        1.1696 
   2 1 1         0.0162   0.2829    0.057      1.0163 
   2 1 2         0.0655   0.2631    0.249      1.0677 
   2 1 3         0.1627   0.2807    0.579      1.1766 
   2 1 4        -0.2656                        0.7667 
   2 2 1         0.2289   0.2969    0.771      1.2573 
   2 2 2        -0.0999   0.2761   -0.362      0.9049 
   2 2 3        -0.4941   0.3524   -1.402      0.6101 
   2 2 4         0.3438                        1.4103 
   2 3 1        -0.0954   0.3268   -0.292      0.9090 
   2 3 2        -0.1982   0.2563   -0.773      0.8202 
   2 3 3         0.2311   ******    *****      1.2599 
   2 3 4         0.0413                        1.0421 
   2 4 1        -0.1497                        0.8610 
   2 4 2         0.2326                        1.2619 
   2 4 3         0.1004                        1.1056 
   2 4 4        -0.1566                        0.8550 
   3 1 1        -0.3062                        0.7363 
   3 1 2         0.0419                        1.0428 
   3 1 3        -0.2070                        0.8130 
   3 1 4         0.5139                        1.6717 
   3 2 1        -0.1365                        0.8724 
   3 2 2         0.1334                        1.1427 
   3 2 3         0.3951                        1.4845 
   3 2 4        -0.3494                        0.7051 
   3 3 1         0.2462                        1.2791 
   3 3 2         0.1326                        1.1418 
   3 3 3        -0.2462                        0.7817 
   3 3 4        -0.0900                        0.9139 
   3 4 1         0.1965                        1.2171 
   3 4 2        -0.3079                        0.7350 
   3 4 3         0.0582                        1.0599 
   3 4 4         ******                    0.00E+0000   16.48  18 0.559
  IGU 
   1 1 1        -0.0245   0.0866   -0.282      0.9758 
   1 1 2         0.0395   0.0684    0.578      1.0403 
   1 1 3        -0.0831   0.0780   -1.065      0.9203 
   1 1 4         0.0680                        1.0704 
   1 2 1         0.0245                        1.0248 
   1 2 2        -0.0395                        0.9613 
   1 2 3         0.0831                        1.0866 
   1 2 4        -0.0680                        0.9342 
   2 1 1         0.0412   0.1184    0.348      1.0421 
   2 1 2        -0.0307   0.0935   -0.329      0.9697 
   2 1 3        -0.0570   0.1087   -0.525      0.9446 
   2 1 4         0.0465                        1.0476 
   2 2 1        -0.0412                        0.9596 
   2 2 2         0.0307                        1.0312 
   2 2 3         0.0570                        1.0587 
   2 2 4        -0.0465                        0.9545 
   3 1 1        -0.0168                        0.9834 
   3 1 2        -0.0088                        0.9912 
   3 1 3         0.1401                        1.1504 
   3 1 4        -0.1146                        0.8918 
   3 2 1         0.0168                        1.0169 
   3 2 2         0.0088                        1.0088 
   3 2 3        -0.1401                        0.8693 
   3 2 4         0.1146                        1.1214     2.74   6 0.840
  SGU 
   1 1 1        -0.0813   0.0831   -0.978      0.9220 
   1 1 2         0.0921   0.0630    1.463      1.0965 
   1 1 3        -0.0328   0.0694   -0.472      0.9678 
   1 1 4         0.0219                        1.0221 
   1 2 1         0.0813                        1.0846 
   1 2 2        -0.0921                        0.9120 
   1 2 3         0.0328                        1.0333 
   1 2 4        -0.0219                        0.9784 
   2 1 1         0.0888   0.0874    1.017      1.0929 
   2 1 2        -0.0825   0.0597   -1.382      0.9208 
   2 1 3        -0.0529   0.0675   -0.783      0.9485 
   2 1 4         0.0465                        1.0476 
   2 2 1        -0.0888                        0.9150 
   2 2 2         0.0825                        1.0860 
   2 2 3         0.0529                        1.0543 
   2 2 4        -0.0465                        0.9545 
   3 1 1        -0.0413   0.0839   -0.493      0.9595 
   3 1 2        -0.0175   0.0567   -0.309      0.9826 
   3 1 3         0.0417   0.0616    0.677      1.0425 
   3 1 4         0.0172                        1.0173 
   3 2 1         0.0413                        1.0422 
   3 2 2         0.0175                        1.0177 
   3 2 3        -0.0417                        0.9592 
   3 2 4        -0.0172                        0.9830 
   4 1 1         0.0338                        1.0343 
   4 1 2         0.0079                        1.0079 
   4 1 3         0.0440                        1.0449 
   4 1 4        -0.0856                        0.9180 
   4 2 1        -0.0338                        0.9668 
   4 2 2        -0.0079                        0.9921 
   4 2 3        -0.0440                        0.9570 
   4 2 4         0.0856                        1.0894     6.50   9 0.689



*** (CONDITIONAL) PROBABILITIES ***

* P(U|ISG) *

  1 | 1 1 1      0.1430  (0.0213)
  2 | 1 1 1      0.5556  (0.0304)
  3 | 1 1 1      0.2639  (0.0270)
  4 | 1 1 1      0.0376  (0.0116)
  1 | 1 1 2      0.1499  (0.0221)
  2 | 1 1 2      0.4528  (0.0310)
  3 | 1 1 2      0.3648  (0.0302)
  4 | 1 1 2      0.0324  (0.0109)
  1 | 1 2 1      0.1348  (0.0196)
  2 | 1 2 1      0.5297  (0.0289)
  3 | 1 2 1      0.2626  (0.0255)
  4 | 1 2 1      0.0729  (0.0151)
  1 | 1 2 2      0.0874  (0.0175)
  2 | 1 2 2      0.5321  (0.0317)
  3 | 1 2 2      0.3286  (0.0301)
  4 | 1 2 2      0.0519  (0.0141)
  1 | 1 3 1      0.0928  (0.0144)
  2 | 1 3 1      0.5307  (0.0251)
  3 | 1 3 1      0.3256  (0.0236)
  4 | 1 3 1      0.0509  (0.0111)
  1 | 1 3 2      0.0847  (0.0144)
  2 | 1 3 2      0.5078  (0.0263)
  3 | 1 3 2      0.3658  (0.0254)
  4 | 1 3 2      0.0417  (0.0105)
  1 | 1 4 1      0.1257  (0.0173)
  2 | 1 4 1      0.5465  (0.0261)
  3 | 1 4 1      0.2563  (0.0229)
  4 | 1 4 1      0.0715  (0.0136)
  1 | 1 4 2      0.1035  (0.0168)
  2 | 1 4 2      0.5208  (0.0279)
  3 | 1 4 2      0.3003  (0.0256)
  4 | 1 4 2      0.0755  (0.0149)
  1 | 2 1 1      0.1761  (0.0497)
  2 | 2 1 1      0.5496  (0.0650)
  3 | 2 1 1      0.2367  (0.0551)
  4 | 2 1 1      0.0376  (0.0237)
  1 | 2 1 2      0.1585  (0.0395)
  2 | 2 1 2      0.5045  (0.0546)
  3 | 2 1 2      0.3040  (0.0507)
  4 | 2 1 2      0.0331  (0.0187)
  1 | 2 2 1      0.3226  (0.0963)
  2 | 2 2 1      0.4420  (0.0952)
  3 | 2 2 1      0.1240  (0.0559)
  4 | 2 2 1      0.1113  (0.0660)
  1 | 2 2 2      0.1985  (0.0660)
  2 | 2 2 2      0.5527  (0.0840)
  3 | 2 2 2      0.1592  (0.0615)
  4 | 2 2 2      0.0896  (0.0489)
  1 | 2 3 1      0.1822  (0.0732)
  2 | 2 3 1      0.3893  (0.0893)
  3 | 2 3 1      0.3696  (0.0903)
  4 | 2 3 1      0.0589  (0.0445)
  1 | 2 3 2      0.1432  (0.0619)
  2 | 2 3 2      0.4207  (0.0901)
  3 | 2 3 2      0.3867  (0.0905)
  4 | 2 3 2      0.0495  (0.0386)
  1 | 2 4 1      0.1777  (0.0943)
  2 | 2 4 1      0.5149  (0.1189)
  3 | 2 4 1      0.2561  (0.1030)
  4 | 2 4 1      0.0514  (0.0519)
  1 | 2 4 2      0.1240  (0.0765)
  2 | 2 4 2      0.5459  (0.1257)
  3 | 2 4 2      0.2753  (0.1141)
  4 | 2 4 2      0.0547  (0.0580)
  1 | 3 1 1      0.1414  (0.0457)
  2 | 3 1 1      0.5855  (0.0663)
  3 | 3 1 1      0.2241  (0.0555)
  4 | 3 1 1      0.0490  (0.0305)
  1 | 3 1 2      0.1569  (0.0473)
  2 | 3 1 2      0.5647  (0.0652)
  3 | 3 1 2      0.2131  (0.0530)
  4 | 3 1 2      0.0654  (0.0347)
  1 | 3 2 1      0.1904  (0.0749)
  2 | 3 2 1      0.4670  (0.0920)
  3 | 3 2 1      0.3171  (0.0872)
  4 | 3 2 1      0.0256  (0.0277)
  1 | 3 2 2      0.1324  (0.0600)
  2 | 3 2 2      0.5626  (0.0923)
  3 | 3 2 2      0.2764  (0.0830)
  4 | 3 2 2      0.0286  (0.0306)
  1 | 3 3 1      0.2329  (0.0814)
  2 | 3 3 1      0.4843  (0.0942)
  3 | 3 3 1      0.2575  (0.0835)
  4 | 3 3 1      0.0253  (0.0278)
  1 | 3 3 2      0.2240  (0.0808)
  2 | 3 3 2      0.5460  (0.0947)
  3 | 3 3 2      0.1980  (0.0725)
  4 | 3 3 2      0.0320  (0.0339)
  1 | 3 4 1      0.2956  (0.1100)
  2 | 3 4 1      0.3472  (0.1096)
  3 | 3 4 1      0.3571  (0.1144)
  4 | 3 4 1      0.0000  (0.0000) *
  1 | 3 4 2      0.2748  (0.1080)
  2 | 3 4 2      0.4180  (0.1180)
  3 | 3 4 2      0.3071  (0.1090)
  4 | 3 4 2      0.0000  (0.0000) *


