LEM: log-linear and event history analysis with missing data.
Developed by Jeroen Vermunt (c), Tilburg University, The Netherlands.
Version 1.0 (September 18, 1997).


*** INPUT ***

  * Exercise 2: logit 3way interactions
  man 4
  dim 3 4 2 4
  lab I S G U
  mod U|ISG {ISU SGU}
  rec 96
  rco
  dat [
  1 1 1 1 34
  2 1 1 1 8
  3 1 1 1 7
  1 2 1 1 40
  2 2 1 1 4
  3 2 1 1 3
  1 3 1 1 36
  2 3 1 1 3
  3 3 1 1 4
  1 4 1 1 44
  2 4 1 1 3
  3 4 1 1 3
  1 1 2 1 37
  2 1 2 1 11
  3 1 2 1 6
  1 2 2 1 19
  2 2 2 1 6
  3 2 2 1 3
  1 3 2 1 29
  2 3 2 1 3
  3 3 2 1 4
  1 4 2 1 33
  2 4 2 1 0
  3 4 2 1 3
  1 1 1 2 133
  2 1 1 2 26
  3 1 1 2 27
  1 2 1 2 151
  2 2 1 2 7
  3 2 1 2 9
  1 3 1 2 205
  2 3 1 2 6
  3 3 1 2 8
  1 4 1 2 197
  2 4 1 2 5
  3 4 1 2 2
  1 1 2 2 112
  2 1 2 2 34
  3 1 2 2 23
  1 2 2 2 125
  2 2 2 2 14
  3 2 2 2 10
  1 3 2 2 175
  2 3 2 2 9
  3 3 2 2 10
  1 4 2 2 160
  2 4 2 2 5
  3 4 2 2 6
  1 1 1 3 71
  2 1 1 3 8
  3 1 1 3 6
  1 2 1 3 73
  2 2 1 3 3
  3 2 1 3 7
  1 3 1 3 123
  2 3 1 3 8
  3 3 1 3 5
  1 4 1 3 89
  2 4 1 3 3
  3 4 1 3 6
  1 1 2 3 81
  2 1 2 3 24
  3 1 2 3 13
  1 2 2 3 79
  2 2 2 3 3
  3 2 2 3 4
  1 3 2 3 129
  2 3 2 3 6
  3 3 2 3 3
  1 4 2 3 96
  2 4 2 3 2
  3 4 2 3 1
  1 1 1 4 9
  2 1 1 4 2
  3 1 1 4 2
  1 2 1 4 22
  2 2 1 4 1
  3 2 1 4 0
  1 3 1 4 19
  2 3 1 4 1
  3 3 1 4 1
  1 4 1 4 25
  2 4 1 4 1
  3 4 1 4 0
  1 1 2 4 8
  2 1 2 4 2
  3 1 2 4 3
  1 2 2 4 11
  2 2 2 4 3
  3 2 2 4 1
  1 3 2 4 15
  2 3 2 4 1
  3 3 2 4 0
  1 4 2 4 24
  2 4 2 4 0
  3 4 2 4 0
  ]


*** STATISTICS ***

  Number of iterations = 4
  Converge criterion   = 0.0000007315

  X-squared            = 21.5722 (0.6048)
  L-squared            = 23.9661 (0.4635)
  Cressie-Read         = 21.9408 (0.5828)
  Dissimilarity index  = 0.0202
  Degrees of freedom   = 24
  Log-likelihood       = -10186.84288
  Number of parameters = 48 (+24)
  Sample size          = 2796.0
  BIC(L-squared)       = -166.4966
  AIC(L-squared)       = -24.0339
  BIC(log-likelihood)  = 20754.6111
  AIC(log-likelihood)  = 20469.6858

  Eigenvalues information matrix
    2201.9795  1945.8928  1811.4288  1253.1710  1132.8352  1101.4982
     934.6102   795.7903   705.5600   666.1504   519.8374   423.5104
     414.2464   410.0203   356.0657   297.3088   248.8210   244.4701
     223.3749   180.3100   177.3463   165.7649   165.4654   148.3303
     146.1415   126.6734   111.1172    95.8060    90.3091    88.1779
      78.4836    76.1451    60.7620    42.5245    40.6884    33.8790
      32.4679    29.8078    27.5720    27.2441    22.8220    22.1647
      20.9081    18.1932    15.3710    14.5252    11.0963    -0.0005

WARNING: 1 (nearly) boundary or non-identified (log-linear) parameters
WARNING: 2 zero estimated frequencies



*** FREQUENCIES ***

  I S G U     observed  estimated  std. res.
  1 1 1 1      34.000     35.810     -0.302
  1 1 1 2     133.000    135.093     -0.180
  1 1 1 3      71.000     67.134      0.472
  1 1 1 4       9.000      8.963      0.012
  1 1 2 1      37.000     35.190      0.305
  1 1 2 2     112.000    109.907      0.200
  1 1 2 3      81.000     84.866     -0.420
  1 1 2 4       8.000      8.037     -0.013
  1 2 1 1      40.000     38.790      0.194
  1 2 1 2     151.000    150.336      0.054
  1 2 1 3      73.000     76.133     -0.359
  1 2 1 4      22.000     20.740      0.277
  1 2 2 1      19.000     20.210     -0.269
  1 2 2 2     125.000    125.663     -0.059
  1 2 2 3      79.000     75.866      0.360
  1 2 2 4      11.000     12.260     -0.360
  1 3 1 1      36.000     35.666      0.056
  1 3 1 2     205.000    202.275      0.192
  1 3 1 3     123.000    125.679     -0.239
  1 3 1 4      19.000     19.380     -0.086
  1 3 2 1      29.000     29.334     -0.062
  1 3 2 2     175.000    177.725     -0.204
  1 3 2 3     129.000    126.321      0.238
  1 3 2 4      15.000     14.620      0.099
  1 4 1 1      44.000     44.584     -0.088
  1 4 1 2     197.000    193.383      0.260
  1 4 1 3      89.000     91.649     -0.277
  1 4 1 4      25.000     25.383     -0.076
  1 4 2 1      33.000     32.416      0.103
  1 4 2 2     160.000    163.617     -0.283
  1 4 2 3      96.000     93.351      0.274
  1 4 2 4      24.000     23.617      0.079
  2 1 1 1       8.000      7.108      0.335
  2 1 1 2      26.000     25.157      0.168
  2 1 1 3       8.000     10.152     -0.675
  2 1 1 4       2.000      1.583      0.331
  2 1 2 1      11.000     11.892     -0.259
  2 1 2 2      34.000     34.843     -0.143
  2 1 2 3      24.000     21.848      0.460
  2 1 2 4       2.000      2.417     -0.268
  2 2 1 1       4.000      4.483     -0.228
  2 2 1 2       7.000      7.060     -0.022
  2 2 1 3       3.000      1.789      0.906
  2 2 1 4       1.000      1.669     -0.518
  2 2 2 1       6.000      5.517      0.206
  2 2 2 2      14.000     13.941      0.016
  2 2 2 3       3.000      4.211     -0.590
  2 2 2 4       3.000      2.331      0.438
  2 3 1 1       3.000      3.066     -0.038
  2 3 1 2       6.000      7.417     -0.520
  2 3 1 3       8.000      6.453      0.609
  2 3 1 4       1.000      1.065     -0.063
  2 3 2 1       3.000      2.934      0.038
  2 3 2 2       9.000      7.583      0.514
  2 3 2 3       6.000      7.547     -0.563
  2 3 2 4       1.000      0.935      0.067
  2 4 1 1       3.000      2.019      0.690
  2 4 1 2       5.000      6.389     -0.549
  2 4 1 3       3.000      2.975      0.014
  2 4 1 4       1.000      0.617      0.488
  2 4 2 1       0.000      0.981     -0.990
  2 4 2 2       5.000      3.611      0.731
  2 4 2 3       2.000      2.025     -0.017
  2 4 2 4       0.000      0.383     -0.619
  3 1 1 1       7.000      6.082      0.372
  3 1 1 2      27.000     25.751      0.246
  3 1 1 3       6.000      7.714     -0.617
  3 1 1 4       2.000      2.454     -0.290
  3 1 2 1       6.000      6.918     -0.349
  3 1 2 2      23.000     24.249     -0.254
  3 1 2 3      13.000     11.286      0.510
  3 1 2 4       3.000      2.546      0.284
  3 2 1 1       3.000      3.727     -0.377
  3 2 1 2       9.000      9.604     -0.195
  3 2 1 3       7.000      5.078      0.853
  3 2 1 4       0.000      0.591     -0.769
  3 2 2 1       3.000      2.273      0.482
  3 2 2 2      10.000      9.396      0.197
  3 2 2 3       4.000      5.922     -0.790
  3 2 2 4       1.000      0.409      0.924
  3 3 1 1       4.000      4.269     -0.130
  3 3 1 2       8.000      9.308     -0.429
  3 3 1 3       5.000      3.868      0.576
  3 3 1 4       1.000      0.555      0.597
  3 3 2 1       4.000      3.731      0.139
  3 3 2 2      10.000      8.692      0.444
  3 3 2 3       3.000      4.132     -0.557
  3 3 2 4       0.000      0.445     -0.667
  3 4 1 1       3.000      3.396     -0.215
  3 4 1 2       2.000      4.228     -1.084
  3 4 1 3       6.000      3.375      1.429
  3 4 1 4       0.000      0.000 *    0.000
  3 4 2 1       3.000      2.604      0.246
  3 4 2 2       6.000      3.772      1.147
  3 4 2 3       1.000      3.625     -1.379
  3 4 2 4       0.000      0.000 *    0.000



*** PSEUDO R-SQUARED MEASURES ***

* P(U|ISG) *
                         baseline   fitted   R-squared
  entropy                 1.1159    1.1033    0.0113
  qualitative variance    0.3094    0.3070    0.0078
  classification error    0.4782    0.4782    0.0000
  -2/N*log-likelihood     2.2319    2.2066    0.0113/0.0246
  likelihood^(-2/N)       9.3171    9.0852    0.0249/0.0279



*** LOG-LINEAR PARAMETERS ***

* TABLE ISGU [or P(U|ISG)] * (WARNING: 1 fitted zero margins)

  effect           beta  std err  z-value   exp(beta)     Wald  df  prob
  U 
   1            -0.1558   0.2255   -0.691      0.8557 
   2             0.9925   0.2199    4.513      2.6979 
   3             0.3818   0.2327    1.641      1.4650 
   4            -1.3291                        0.2647   123.11   3 0.000
  IU 
   1 1          -0.3125   0.2276   -1.373      0.7316 
   1 2           0.0732   0.2209    0.331      1.0759 
   1 3           0.1503   0.2344    0.641      1.1622 
   1 4           0.0891                        1.0931 
   2 1           0.0871   0.2550    0.341      1.0910 
   2 2          -0.0602   0.2399   -0.251      0.9416 
   2 3          -0.1284   0.2344   -0.548      0.8795 
   2 4           0.1015                        1.1068 
   3 1           0.2276                        1.2555 
   3 2          -0.0109                        0.9891 
   3 3          -0.0198                        0.9804 
   3 4          -0.2625                        0.7692    14.79   6 0.022
  SU 
   1 1           0.0091   0.2386    0.038      1.0092 
   1 2           0.1114   0.2269    0.491      1.1178 
   1 3           0.0049   0.2417    0.020      1.0049 
   1 4          -0.1036                        0.9016 
   2 1           0.0244   0.2644    0.092      1.0247 
   2 2           0.0310   0.2504    0.124      1.0315 
   2 3          -0.1673   0.2501   -0.669      0.8459 
   2 4           0.1337                        1.1431 
   3 1          -0.0281   0.2468   -0.114      0.9723 
   3 2          -0.0105   0.2414   -0.044      0.9895 
   3 3           0.1696   0.2666    0.636      1.1848 
   3 4          -0.1091                        0.8967 
   4 1          -0.0055                        0.9946 
   4 2          -0.1318                        0.8765 
   4 3          -0.0072                        0.9928 
   4 4           0.1156                        1.1226     3.65   9 0.933
  GU 
   1 1           0.0667   0.0481    1.387      1.0690 
   1 2           0.0040   0.0333    0.120      1.0040 
   1 3          -0.1130   0.0372   -3.036      0.8931 
   1 4           0.0423                        1.0433 
   2 1          -0.0667                        0.9355 
   2 2          -0.0040                        0.9960 
   2 3           0.1130                        1.1197 
   2 4          -0.0423                        0.9585    10.74   3 0.013
  ISU 
   1 1 1         0.2923   0.2447    1.195      1.3396 
   1 1 2        -0.1106   0.2296   -0.481      0.8953 
   1 1 3         0.0505   0.2432    0.207      1.0518 
   1 1 4        -0.2541                        0.7756 
   1 2 1        -0.0904   0.2710   -0.334      0.9135 
   1 2 2        -0.0399   0.2526   -0.158      0.9609 
   1 2 3         0.0994   0.2515    0.395      1.1045 
   1 2 4         0.0091                        1.0091 
   1 3 1        -0.1500   0.2507   -0.598      0.8607 
   1 3 2         0.0669   0.2455    0.273      1.0692 
   1 3 3         0.0116   0.2745    0.042      1.0117 
   1 3 4         0.0496                        1.0508 
   1 4 1        -0.0519                        0.9494 
   1 4 2         0.0836                        1.0872 
   1 4 3        -0.1615                        0.8508 
   1 4 4         0.1587                        1.1720 
   2 1 1         0.0059   0.2819    0.021      1.0059 
   2 1 2         0.0721   0.2628    0.274      1.0747 
   2 1 3         0.1703   0.2796    0.609      1.1856 
   2 1 4        -0.2701                        0.7633 
   2 2 1         0.2238   0.2965    0.755      1.2508 
   2 2 2        -0.0933   0.2755   -0.339      0.9109 
   2 2 3        -0.5010   0.3514   -1.426      0.6059 
   2 2 4         0.3486                        1.4171 
   2 3 1        -0.0959   0.3265   -0.294      0.9085 
   2 3 2        -0.1981   0.2560   -0.774      0.8203 
   2 3 3         0.2287   ******    *****      1.2569 
   2 3 4         0.0435                        1.0444 
   2 4 1        -0.1337                        0.8748 
   2 4 2         0.2193                        1.2452 
   2 4 3         0.1021                        1.1074 
   2 4 4        -0.1587                        0.8532 
   3 1 1        -0.2982                        0.7421 
   3 1 2         0.0385                        1.0392 
   3 1 3        -0.2207                        0.8019 
   3 1 4         0.5242                        1.6891 
   3 2 1        -0.1334                        0.8751 
   3 2 2         0.1332                        1.1425 
   3 2 3         0.4016                        1.4942 
   3 2 4        -0.3577                        0.6993 
   3 3 1         0.2459                        1.2788 
   3 3 2         0.1312                        1.1402 
   3 3 3        -0.2403                        0.7864 
   3 3 4        -0.0930                        0.9112 
   3 4 1         0.1857                        1.2040 
   3 4 2        -0.3028                        0.7387 
   3 4 3         0.0595                        1.0613 
   3 4 4         ******                    0.00E+0000   16.82  18 0.536
  SGU 
   1 1 1        -0.0703   0.0809   -0.869      0.9321 
   1 1 2         0.0868   0.0599    1.449      1.0907 
   1 1 3        -0.0165   0.0667   -0.247      0.9837 
   1 1 4        -0.0001                        0.9999 
   1 2 1         0.0703                        1.0728 
   1 2 2        -0.0868                        0.9168 
   1 2 3         0.0165                        1.0166 
   1 2 4         0.0001                        1.0001 
   2 1 1         0.0892   0.0874    1.022      1.0933 
   2 1 2        -0.0844   0.0595   -1.419      0.9190 
   2 1 3        -0.0553   0.0674   -0.820      0.9462 
   2 1 4         0.0504                        1.0517 
   2 2 1        -0.0892                        0.9146 
   2 2 2         0.0844                        1.0881 
   2 2 3         0.0553                        1.0568 
   2 2 4        -0.0504                        0.9508 
   3 1 1        -0.0442   0.0837   -0.528      0.9568 
   3 1 2        -0.0145   0.0563   -0.258      0.9856 
   3 1 3         0.0353   0.0613    0.576      1.0359 
   3 1 4         0.0234                        1.0237 
   3 2 1         0.0442                        1.0452 
   3 2 2         0.0145                        1.0146 
   3 2 3        -0.0353                        0.9653 
   3 2 4        -0.0234                        0.9769 
   4 1 1         0.0252                        1.0255 
   4 1 2         0.0121                        1.0122 
   4 1 3         0.0364                        1.0371 
   4 1 4        -0.0737                        0.9289 
   4 2 1        -0.0252                        0.9751 
   4 2 2        -0.0121                        0.9880 
   4 2 3        -0.0364                        0.9643 
   4 2 4         0.0737                        1.0765     5.66   9 0.774



*** (CONDITIONAL) PROBABILITIES ***

* P(U|ISG) *

  1 | 1 1 1      0.1450  (0.0207)
  2 | 1 1 1      0.5469  (0.0294)
  3 | 1 1 1      0.2718  (0.0263)
  4 | 1 1 1      0.0363  (0.0109)
  1 | 1 1 2      0.1479  (0.0212)
  2 | 1 1 2      0.4618  (0.0299)
  3 | 1 1 2      0.3566  (0.0291)
  4 | 1 1 2      0.0338  (0.0106)
  1 | 1 2 1      0.1356  (0.0195)
  2 | 1 2 1      0.5257  (0.0287)
  3 | 1 2 1      0.2662  (0.0255)
  4 | 1 2 1      0.0725  (0.0149)
  1 | 1 2 2      0.0864  (0.0171)
  2 | 1 2 2      0.5370  (0.0315)
  3 | 1 2 2      0.3242  (0.0298)
  4 | 1 2 2      0.0524  (0.0140)
  1 | 1 3 1      0.0931  (0.0143)
  2 | 1 3 1      0.5281  (0.0250)
  3 | 1 3 1      0.3281  (0.0235)
  4 | 1 3 1      0.0506  (0.0110)
  1 | 1 3 2      0.0843  (0.0142)
  2 | 1 3 2      0.5107  (0.0262)
  3 | 1 3 2      0.3630  (0.0252)
  4 | 1 3 2      0.0420  (0.0105)
  1 | 1 4 1      0.1256  (0.0173)
  2 | 1 4 1      0.5447  (0.0261)
  3 | 1 4 1      0.2582  (0.0229)
  4 | 1 4 1      0.0715  (0.0136)
  1 | 1 4 2      0.1036  (0.0168)
  2 | 1 4 2      0.5227  (0.0278)
  3 | 1 4 2      0.2982  (0.0255)
  4 | 1 4 2      0.0755  (0.0149)
  1 | 2 1 1      0.1615  (0.0386)
  2 | 2 1 1      0.5717  (0.0516)
  3 | 2 1 1      0.2307  (0.0421)
  4 | 2 1 1      0.0360  (0.0196)
  1 | 2 1 2      0.1675  (0.0368)
  2 | 2 1 2      0.4908  (0.0490)
  3 | 2 1 2      0.3077  (0.0462)
  4 | 2 1 2      0.0340  (0.0175)
  1 | 2 2 1      0.2988  (0.0829)
  2 | 2 2 1      0.4706  (0.0840)
  3 | 2 2 1      0.1193  (0.0485)
  4 | 2 2 1      0.1113  (0.0559)
  1 | 2 2 2      0.2122  (0.0638)
  2 | 2 2 2      0.5362  (0.0799)
  3 | 2 2 2      0.1620  (0.0606)
  4 | 2 2 2      0.0897  (0.0446)
  1 | 2 3 1      0.1703  (0.0652)
  2 | 2 3 1      0.4120  (0.0831)
  3 | 2 3 1      0.3585  (0.0802)
  4 | 2 3 1      0.0592  (0.0415)
  1 | 2 3 2      0.1544  (0.0604)
  2 | 2 3 2      0.3991  (0.0821)
  3 | 2 3 2      0.3972  (0.0831)
  4 | 2 3 2      0.0492  (0.0351)
  1 | 2 4 1      0.1683  (0.0888)
  2 | 2 4 1      0.5324  (0.1153)
  3 | 2 4 1      0.2479  (0.0980)
  4 | 2 4 1      0.0514  (0.0504)
  1 | 2 4 2      0.1401  (0.0782)
  2 | 2 4 2      0.5159  (0.1175)
  3 | 2 4 2      0.2892  (0.1093)
  4 | 2 4 2      0.0548  (0.0540)
  1 | 3 1 1      0.1448  (0.0399)
  2 | 3 1 1      0.6131  (0.0553)
  3 | 3 1 1      0.1837  (0.0417)
  4 | 3 1 1      0.0584  (0.0277)
  1 | 3 1 2      0.1537  (0.0413)
  2 | 3 1 2      0.5389  (0.0571)
  3 | 3 1 2      0.2508  (0.0508)
  4 | 3 1 2      0.0566  (0.0268)
  1 | 3 2 1      0.1962  (0.0725)
  2 | 3 2 1      0.5055  (0.0851)
  3 | 3 2 1      0.2672  (0.0731)
  4 | 3 2 1      0.0311  (0.0309)
  1 | 3 2 2      0.1263  (0.0524)
  2 | 3 2 2      0.5220  (0.0853)
  3 | 3 2 2      0.3290  (0.0821)
  4 | 3 2 2      0.0227  (0.0230)
  1 | 3 3 1      0.2371  (0.0757)
  2 | 3 3 1      0.5171  (0.0866)
  3 | 3 3 1      0.2149  (0.0692)
  4 | 3 3 1      0.0308  (0.0307)
  1 | 3 3 2      0.2195  (0.0723)
  2 | 3 3 2      0.5113  (0.0869)
  3 | 3 3 2      0.2431  (0.0754)
  4 | 3 3 2      0.0262  (0.0263)
  1 | 3 4 1      0.3088  (0.1057)
  2 | 3 4 1      0.3844  (0.1080)
  3 | 3 4 1      0.3068  (0.1005)
  4 | 3 4 1      0.0000  (0.0000) *
  1 | 3 4 2      0.2604  (0.0965)
  2 | 3 4 2      0.3772  (0.1076)
  3 | 3 4 2      0.3625  (0.1092)
  4 | 3 4 2      0.0000  (0.0000) *


