Mplus VERSION 7.4
MUTHEN & MUTHEN
05/14/2020   5:11 PM

INPUT INSTRUCTIONS

  TITLE:	this is an example of a two-level CFA with
  	continuous factor indicators, a random intercept
      factor, and covariates
  DATA:	FILE IS sem9.dat;
  VARIABLE:	NAMES ARE cntry dweight HDI iphlppl_r iplylfr_r
              ipeqopt_r ipudrst_r impenv_r agea gndrD eisced2
              eisced3 domicil2 domicil3 domicil4;
      USEVARIABLES ARE iphlppl_r iplylfr_r
              ipeqopt_r ipudrst_r impenv_r cntry dweight;
  	CLUSTER = cntry;
      WEIGHT = dweight;
      MISSING = .;
  ANALYSIS:	TYPE = TWOLEVEL;
  MODEL:
  	%WITHIN%
  	Benev_w BY iphlppl_r iplylfr_r ;	
      Unive_w BY ipeqopt_r ipudrst_r impenv_r;
      Benev_w WITH Unive_w;
  	%BETWEEN%
  	Benev_b BY iphlppl_r iplylfr_r ;	
      Unive_b BY ipeqopt_r ipudrst_r impenv_r;
      Benev_b WITH Unive_b;



*** WARNING in VARIABLE command
  Note that only the first 8 characters of variable names are used in the output.
  Shorten variable names to avoid any confusion.
*** WARNING
  Data set contains cases with missing on all variables.
  These cases were not included in the analysis.
  Number of cases with missing on all variables:  194
   2 WARNING(S) FOUND IN THE INPUT INSTRUCTIONS



this is an example of a two-level CFA with
continuous factor indicators, a random intercept
factor, and covariates

SUMMARY OF ANALYSIS

Number of groups                                                 1
Number of observations                                       27346

Number of dependent variables                                    5
Number of independent variables                                  0
Number of continuous latent variables                            4

Observed dependent variables

  Continuous
   IPHLPPL_R   IPLYLFR_R   IPEQOPT_R   IPUDRST_R   IMPENV_R

Continuous latent variables
   BENEV_W     UNIVE_W     BENEV_B     UNIVE_B

Variables with special functions

  Cluster variable      CNTRY
  Weight variable (cluster-size scaling)
    DWEIGHT

Estimator                                                      MLR
Information matrix                                        OBSERVED
Maximum number of iterations                                   100
Convergence criterion                                    0.100D-05
Maximum number of EM iterations                                500
Convergence criteria for the EM algorithm
  Loglikelihood change                                   0.100D-02
  Relative loglikelihood change                          0.100D-05
  Derivative                                             0.100D-03
Minimum variance                                         0.100D-03
Maximum number of steepest descent iterations                   20
Maximum number of iterations for H1                           2000
Convergence criterion for H1                             0.100D-03
Optimization algorithm                                         EMA

Input data file(s)
  sem9.dat
Input data format  FREE


SUMMARY OF DATA

     Number of missing data patterns            30
     Number of clusters                         14

     Average cluster size     1953.286

     Estimated Intraclass Correlations for the Y Variables

                Intraclass              Intraclass              Intraclass
     Variable  Correlation   Variable  Correlation   Variable  Correlation

     IPHLPPL_     0.072      IPLYLFR_     0.051      IPEQOPT_     0.049
     IPUDRST_     0.043      IMPENV_R     0.025



COVARIANCE COVERAGE OF DATA

Minimum covariance coverage value   0.100


     PROPORTION OF DATA PRESENT


           Covariance Coverage
              IPHLPPL_      IPLYLFR_      IPEQOPT_      IPUDRST_      IMPENV_R
              ________      ________      ________      ________      ________
 IPHLPPL_       0.995
 IPLYLFR_       0.992         0.996
 IPEQOPT_       0.989         0.989         0.993
 IPUDRST_       0.989         0.989         0.987         0.992
 IMPENV_R       0.992         0.993         0.989         0.989         0.996


     THE STANDARD ERRORS OF THE MODEL PARAMETER ESTIMATES MAY NOT BE
     TRUSTWORTHY FOR SOME PARAMETERS DUE TO A NON-POSITIVE DEFINITE
     FIRST-ORDER DERIVATIVE PRODUCT MATRIX.  THIS MAY BE DUE TO THE STARTING
     VALUES BUT MAY ALSO BE AN INDICATION OF MODEL NONIDENTIFICATION.  THE
     CONDITION NUMBER IS      -0.234D-16.  PROBLEM INVOLVING THE FOLLOWING PARAMETER:
     Parameter 15, %BETWEEN%: [ IPUDRST_R ]

     THE NONIDENTIFICATION IS MOST LIKELY DUE TO HAVING MORE PARAMETERS THAN THE
     NUMBER OF CLUSTERS. REDUCE THE NUMBER OF PARAMETERS.


THE MODEL ESTIMATION TERMINATED NORMALLY

     WARNING:  THE LATENT VARIABLE COVARIANCE MATRIX (PSI) IS NOT POSITIVE
     DEFINITE.  THIS COULD INDICATE A NEGATIVE VARIANCE/RESIDUAL VARIANCE FOR A
     LATENT VARIABLE, A CORRELATION GREATER OR EQUAL TO ONE BETWEEN TWO LATENT
     VARIABLES, OR A LINEAR DEPENDENCY AMONG MORE THAN TWO LATENT VARIABLES.
     CHECK THE TECH4 OUTPUT FOR MORE INFORMATION.



MODEL FIT INFORMATION

Number of Free Parameters                       27

Loglikelihood

          H0 Value                     -176133.094
          H0 Scaling Correction Factor     10.5063
            for MLR
          H1 Value                     -175973.557
          H1 Scaling Correction Factor      8.5416
            for MLR

Information Criteria

          Akaike (AIC)                  352320.187
          Bayesian (BIC)                352542.028
          Sample-Size Adjusted BIC      352456.223
            (n* = (n + 2) / 24)

Chi-Square Test of Model Fit

          Value                            166.990*
          Degrees of Freedom                     8
          P-Value                           0.0000
          Scaling Correction Factor         1.9107
            for MLR

*   The chi-square value for MLM, MLMV, MLR, ULSMV, WLSM and WLSMV cannot be used
    for chi-square difference testing in the regular way.  MLM, MLR and WLSM
    chi-square difference testing is described on the Mplus website.  MLMV, WLSMV,
    and ULSMV difference testing is done using the DIFFTEST option.

RMSEA (Root Mean Square Error Of Approximation)

          Estimate                           0.027

CFI/TLI

          CFI                                0.962
          TLI                                0.904

Chi-Square Test of Model Fit for the Baseline Model

          Value                           4166.421
          Degrees of Freedom                    20
          P-Value                           0.0000

SRMR (Standardized Root Mean Square Residual)

          Value for Within                   0.019
          Value for Between                  0.056



MODEL RESULTS

                                                    Two-Tailed
                    Estimate       S.E.  Est./S.E.    P-Value

Within Level

 BENEV_W  BY
    IPHLPPL_R          1.000      0.000    999.000    999.000
    IPLYLFR_R          0.885      0.037     23.758      0.000

 UNIVE_W  BY
    IPEQOPT_R          1.000      0.000    999.000    999.000
    IPUDRST_R          1.114      0.025     43.858      0.000
    IMPENV_R           1.081      0.068     15.890      0.000

 BENEV_W  WITH
    UNIVE_W            0.294      0.022     13.619      0.000

 Variances
    BENEV_W            0.386      0.027     14.063      0.000
    UNIVE_W            0.262      0.016     16.328      0.000

 Residual Variances
    IPHLPPL_R          0.469      0.031     15.355      0.000
    IPLYLFR_R          0.426      0.024     17.987      0.000
    IPEQOPT_R          0.784      0.043     18.089      0.000
    IPUDRST_R          0.677      0.032     20.969      0.000
    IMPENV_R           0.664      0.046     14.432      0.000

Between Level

 BENEV_B  BY
    IPHLPPL_R          1.000      0.000    999.000    999.000
    IPLYLFR_R          0.617      0.145      4.248      0.000

 UNIVE_B  BY
    IPEQOPT_R          1.000      0.000    999.000    999.000
    IPUDRST_R          1.101      0.379      2.909      0.004
    IMPENV_R           0.412      0.329      1.254      0.210

 BENEV_B  WITH
    UNIVE_B            0.046      0.019      2.491      0.013

 Intercepts
    IPHLPPL_R          4.863      0.069     70.297      0.000
    IPLYLFR_R          5.101      0.053     96.180      0.000
    IPEQOPT_R          4.835      0.063     77.216      0.000
    IPUDRST_R          4.679      0.057     81.613      0.000
    IMPENV_R           4.989      0.043    116.408      0.000

 Variances
    BENEV_B            0.056      0.022      2.573      0.010
    UNIVE_B            0.033      0.016      2.100      0.036

 Residual Variances
    IPHLPPL_R          0.010      0.005      1.899      0.058
    IPLYLFR_R          0.017      0.005      3.182      0.001
    IPEQOPT_R          0.022      0.010      2.186      0.029
    IPUDRST_R          0.006      0.008      0.764      0.445
    IMPENV_R           0.020      0.008      2.491      0.013


QUALITY OF NUMERICAL RESULTS

     Condition Number for the Information Matrix             -0.234E-16
       (ratio of smallest to largest eigenvalue)


TECHNICAL 1 OUTPUT


     PARAMETER SPECIFICATION FOR WITHIN


           NU
              IPHLPPL_      IPLYLFR_      IPEQOPT_      IPUDRST_      IMPENV_R
              ________      ________      ________      ________      ________
 1                  0             0             0             0             0


           LAMBDA
              BENEV_W       UNIVE_W       BENEV_B       UNIVE_B
              ________      ________      ________      ________
 IPHLPPL_           0             0             0             0
 IPLYLFR_           1             0             0             0
 IPEQOPT_           0             0             0             0
 IPUDRST_           0             2             0             0
 IMPENV_R           0             3             0             0


           THETA
              IPHLPPL_      IPLYLFR_      IPEQOPT_      IPUDRST_      IMPENV_R
              ________      ________      ________      ________      ________
 IPHLPPL_           4
 IPLYLFR_           0             5
 IPEQOPT_           0             0             6
 IPUDRST_           0             0             0             7
 IMPENV_R           0             0             0             0             8


           ALPHA
              BENEV_W       UNIVE_W       BENEV_B       UNIVE_B
              ________      ________      ________      ________
 1                  0             0             0             0


           BETA
              BENEV_W       UNIVE_W       BENEV_B       UNIVE_B
              ________      ________      ________      ________
 BENEV_W            0             0             0             0
 UNIVE_W            0             0             0             0
 BENEV_B            0             0             0             0
 UNIVE_B            0             0             0             0


           PSI
              BENEV_W       UNIVE_W       BENEV_B       UNIVE_B
              ________      ________      ________      ________
 BENEV_W            9
 UNIVE_W           10            11
 BENEV_B            0             0             0
 UNIVE_B            0             0             0             0


     PARAMETER SPECIFICATION FOR BETWEEN


           NU
              IPHLPPL_      IPLYLFR_      IPEQOPT_      IPUDRST_      IMPENV_R
              ________      ________      ________      ________      ________
 1                 12            13            14            15            16


           LAMBDA
              BENEV_W       UNIVE_W       BENEV_B       UNIVE_B
              ________      ________      ________      ________
 IPHLPPL_           0             0             0             0
 IPLYLFR_           0             0            17             0
 IPEQOPT_           0             0             0             0
 IPUDRST_           0             0             0            18
 IMPENV_R           0             0             0            19


           THETA
              IPHLPPL_      IPLYLFR_      IPEQOPT_      IPUDRST_      IMPENV_R
              ________      ________      ________      ________      ________
 IPHLPPL_          20
 IPLYLFR_           0            21
 IPEQOPT_           0             0            22
 IPUDRST_           0             0             0            23
 IMPENV_R           0             0             0             0            24


           ALPHA
              BENEV_W       UNIVE_W       BENEV_B       UNIVE_B
              ________      ________      ________      ________
 1                  0             0             0             0


           BETA
              BENEV_W       UNIVE_W       BENEV_B       UNIVE_B
              ________      ________      ________      ________
 BENEV_W            0             0             0             0
 UNIVE_W            0             0             0             0
 BENEV_B            0             0             0             0
 UNIVE_B            0             0             0             0


           PSI
              BENEV_W       UNIVE_W       BENEV_B       UNIVE_B
              ________      ________      ________      ________
 BENEV_W            0
 UNIVE_W            0             0
 BENEV_B            0             0            25
 UNIVE_B            0             0            26            27


     STARTING VALUES FOR WITHIN


           NU
              IPHLPPL_      IPLYLFR_      IPEQOPT_      IPUDRST_      IMPENV_R
              ________      ________      ________      ________      ________
 1              0.000         0.000         0.000         0.000         0.000


           LAMBDA
              BENEV_W       UNIVE_W       BENEV_B       UNIVE_B
              ________      ________      ________      ________
 IPHLPPL_       1.000         0.000         0.000         0.000
 IPLYLFR_       1.000         0.000         0.000         0.000
 IPEQOPT_       0.000         1.000         0.000         0.000
 IPUDRST_       0.000         1.000         0.000         0.000
 IMPENV_R       0.000         1.000         0.000         0.000


           THETA
              IPHLPPL_      IPLYLFR_      IPEQOPT_      IPUDRST_      IMPENV_R
              ________      ________      ________      ________      ________
 IPHLPPL_       0.461
 IPLYLFR_       0.000         0.385
 IPEQOPT_       0.000         0.000         0.550
 IPUDRST_       0.000         0.000         0.000         0.525
 IMPENV_R       0.000         0.000         0.000         0.000         0.496


           ALPHA
              BENEV_W       UNIVE_W       BENEV_B       UNIVE_B
              ________      ________      ________      ________
 1              0.000         0.000         0.000         0.000


           BETA
              BENEV_W       UNIVE_W       BENEV_B       UNIVE_B
              ________      ________      ________      ________
 BENEV_W        0.000         0.000         0.000         0.000
 UNIVE_W        0.000         0.000         0.000         0.000
 BENEV_B        0.000         0.000         0.000         0.000
 UNIVE_B        0.000         0.000         0.000         0.000


           PSI
              BENEV_W       UNIVE_W       BENEV_B       UNIVE_B
              ________      ________      ________      ________
 BENEV_W        0.050
 UNIVE_W        0.000         0.050
 BENEV_B        0.000         0.000         0.000
 UNIVE_B        0.000         0.000         0.000         0.000


     STARTING VALUES FOR BETWEEN


           NU
              IPHLPPL_      IPLYLFR_      IPEQOPT_      IPUDRST_      IMPENV_R
              ________      ________      ________      ________      ________
 1              4.854         5.097         4.825         4.668         4.989


           LAMBDA
              BENEV_W       UNIVE_W       BENEV_B       UNIVE_B
              ________      ________      ________      ________
 IPHLPPL_       0.000         0.000         1.000         0.000
 IPLYLFR_       0.000         0.000         1.000         0.000
 IPEQOPT_       0.000         0.000         0.000         1.000
 IPUDRST_       0.000         0.000         0.000         1.000
 IMPENV_R       0.000         0.000         0.000         1.000


           THETA
              IPHLPPL_      IPLYLFR_      IPEQOPT_      IPUDRST_      IMPENV_R
              ________      ________      ________      ________      ________
 IPHLPPL_       0.461
 IPLYLFR_       0.000         0.385
 IPEQOPT_       0.000         0.000         0.550
 IPUDRST_       0.000         0.000         0.000         0.525
 IMPENV_R       0.000         0.000         0.000         0.000         0.496


           ALPHA
              BENEV_W       UNIVE_W       BENEV_B       UNIVE_B
              ________      ________      ________      ________
 1              0.000         0.000         0.000         0.000


           BETA
              BENEV_W       UNIVE_W       BENEV_B       UNIVE_B
              ________      ________      ________      ________
 BENEV_W        0.000         0.000         0.000         0.000
 UNIVE_W        0.000         0.000         0.000         0.000
 BENEV_B        0.000         0.000         0.000         0.000
 UNIVE_B        0.000         0.000         0.000         0.000


           PSI
              BENEV_W       UNIVE_W       BENEV_B       UNIVE_B
              ________      ________      ________      ________
 BENEV_W        0.000
 UNIVE_W        0.000         0.000
 BENEV_B        0.000         0.000         0.050
 UNIVE_B        0.000         0.000         0.000         0.050


DIAGRAM INFORMATION

  Mplus diagrams are currently not available for multilevel analysis.
  No diagram output was produced.


     Beginning Time:  17:11:10
        Ending Time:  17:11:12
       Elapsed Time:  00:00:02



MUTHEN & MUTHEN
3463 Stoner Ave.
Los Angeles, CA  90066

Tel: (310) 391-9971
Fax: (310) 391-8971
Web: www.StatModel.com
Support: Support@StatModel.com

Copyright (c) 1998-2015 Muthen & Muthen
